2022-04-05 21:12:25.164  INFO 20263 --- [main] p.s.s.SecondCourseWorkApplication        : Starting SecondCourseWorkApplication using Java 11.0.1 on MacBook-Pro-Olga.local with PID 20263 (/Users/olgapyshkina/IdeaProjects/second-course-work/target/classes started by olgapyshkina in /Users/olgapyshkina/IdeaProjects/second-course-work)
2022-04-05 21:12:25.180  INFO 20263 --- [main] p.s.s.SecondCourseWorkApplication        : No active profile set, falling back to 1 default profile: "default"
2022-04-05 21:12:26.639  INFO 20263 --- [main] o.s.b.w.embedded.tomcat.TomcatWebServer  : Tomcat initialized with port(s): 8080 (http)
2022-04-05 21:12:26.651  INFO 20263 --- [main] o.apache.catalina.core.StandardService   : Starting service [Tomcat]
2022-04-05 21:12:26.651  INFO 20263 --- [main] org.apache.catalina.core.StandardEngine  : Starting Servlet engine: [Apache Tomcat/9.0.60]
2022-04-05 21:12:26.774  INFO 20263 --- [main] o.a.c.c.C.[Tomcat].[localhost].[/exam]   : Initializing Spring embedded WebApplicationContext
2022-04-05 21:12:26.774  INFO 20263 --- [main] w.s.c.ServletWebServerApplicationContext : Root WebApplicationContext: initialization completed in 1444 ms
2022-04-05 21:12:27.247  INFO 20263 --- [main] o.s.b.w.embedded.tomcat.TomcatWebServer  : Tomcat started on port(s): 8080 (http) with context path '/exam'
2022-04-05 21:12:27.268  INFO 20263 --- [main] p.s.s.SecondCourseWorkApplication        : Started SecondCourseWorkApplication in 2.86 seconds (JVM running for 4.266)
2022-04-05 21:12:59.904  INFO 20263 --- [http-nio-8080-exec-1] o.a.c.c.C.[Tomcat].[localhost].[/exam]   : Initializing Spring DispatcherServlet 'dispatcherServlet'
2022-04-05 21:12:59.905  INFO 20263 --- [http-nio-8080-exec-1] o.s.web.servlet.DispatcherServlet        : Initializing Servlet 'dispatcherServlet'
2022-04-05 21:12:59.906  INFO 20263 --- [http-nio-8080-exec-1] o.s.web.servlet.DispatcherServlet        : Completed initialization in 1 ms
2022-04-05 21:12:59.957  INFO 20263 --- [http-nio-8080-exec-1] p.s.s.service.JavaQuestionService        : Generating list of all subjects questions...
2022-04-05 21:12:59.958  INFO 20263 --- [http-nio-8080-exec-1] p.s.s.service.JavaQuestionService        : Generating list of questions =pro.sky.secondcoursework.service.JavaQuestionService@37b52340
2022-04-05 21:12:59.960  INFO 20263 --- [http-nio-8080-exec-1] p.s.s.service.JavaQuestionService        : Generating random java question...
2022-04-05 21:12:59.960  INFO 20263 --- [http-nio-8080-exec-1] p.s.s.service.JavaQuestionService        : Getting all java questions.
2022-04-05 21:12:59.960  INFO 20263 --- [http-nio-8080-exec-1] p.s.s.service.JavaQuestionService        : Random java question was gotten: What is an encapsulation? Answer: Hiding the implementation
2022-04-05 21:12:59.960  INFO 20263 --- [http-nio-8080-exec-1] p.s.s.service.JavaQuestionService        : Generating random java question...
2022-04-05 21:12:59.960  INFO 20263 --- [http-nio-8080-exec-1] p.s.s.service.JavaQuestionService        : Getting all java questions.
2022-04-05 21:12:59.960  INFO 20263 --- [http-nio-8080-exec-1] p.s.s.service.JavaQuestionService        : Random java question was gotten: What is a recurse? Answer: Droch
2022-04-05 21:12:59.960  INFO 20263 --- [http-nio-8080-exec-1] p.s.s.service.JavaQuestionService        : Generating random java question...
2022-04-05 21:12:59.961  INFO 20263 --- [http-nio-8080-exec-1] p.s.s.service.JavaQuestionService        : Getting all java questions.
2022-04-05 21:12:59.961  INFO 20263 --- [http-nio-8080-exec-1] p.s.s.service.JavaQuestionService        : Random java question was gotten: What is an encapsulation? Answer: Hiding the implementation
2022-04-05 21:12:59.961  INFO 20263 --- [http-nio-8080-exec-1] p.s.s.service.JavaQuestionService        : Generating random java question...
2022-04-05 21:12:59.961  INFO 20263 --- [http-nio-8080-exec-1] p.s.s.service.JavaQuestionService        : Getting all java questions.
2022-04-05 21:12:59.961  INFO 20263 --- [http-nio-8080-exec-1] p.s.s.service.JavaQuestionService        : Random java question was gotten: What is a Spring? Answer: FrameWork
2022-04-05 21:12:59.961  INFO 20263 --- [http-nio-8080-exec-1] p.s.s.service.JavaQuestionService        : Questions have been received.
2022-04-05 21:12:59.961  INFO 20263 --- [http-nio-8080-exec-1] p.s.s.service.JavaQuestionService        : Generating list of questions =pro.sky.secondcoursework.service.MathQuestionService@663bb8ef
2022-04-05 21:12:59.961  INFO 20263 --- [http-nio-8080-exec-1] p.s.s.service.JavaQuestionService        : Generating math question.
2022-04-05 21:12:59.964  INFO 20263 --- [http-nio-8080-exec-1] p.s.s.service.JavaQuestionService        : Math question was generated: 31+39 Answer: 70
2022-04-05 21:12:59.964  INFO 20263 --- [http-nio-8080-exec-1] p.s.s.service.JavaQuestionService        : Generating math question.
2022-04-05 21:12:59.965  INFO 20263 --- [http-nio-8080-exec-1] p.s.s.service.JavaQuestionService        : Math question was generated: 99+77 Answer: 176
2022-04-05 21:12:59.965  INFO 20263 --- [http-nio-8080-exec-1] p.s.s.service.JavaQuestionService        : Generating math question.
2022-04-05 21:12:59.965  INFO 20263 --- [http-nio-8080-exec-1] p.s.s.service.JavaQuestionService        : Math question was generated: 48+78 Answer: 126
2022-04-05 21:12:59.965  INFO 20263 --- [http-nio-8080-exec-1] p.s.s.service.JavaQuestionService        : Questions have been received.
2022-04-05 21:12:59.965  INFO 20263 --- [http-nio-8080-exec-1] p.s.s.service.JavaQuestionService        : List of questions was successfully generated!
2022-04-05 21:13:16.714  INFO 20263 --- [http-nio-8080-exec-2] p.s.s.service.JavaQuestionService        : Generating list of all subjects questions...
2022-04-05 21:13:16.714  INFO 20263 --- [http-nio-8080-exec-2] p.s.s.service.JavaQuestionService        : Generating list of questions =pro.sky.secondcoursework.service.JavaQuestionService@37b52340
2022-04-05 21:13:16.714  INFO 20263 --- [http-nio-8080-exec-2] p.s.s.service.JavaQuestionService        : Generating random java question...
2022-04-05 21:13:16.714  INFO 20263 --- [http-nio-8080-exec-2] p.s.s.service.JavaQuestionService        : Getting all java questions.
2022-04-05 21:13:16.714  INFO 20263 --- [http-nio-8080-exec-2] p.s.s.service.JavaQuestionService        : Random java question was gotten: What is  a variable? Answer: Named memory area
2022-04-05 21:13:16.714  INFO 20263 --- [http-nio-8080-exec-2] p.s.s.service.JavaQuestionService        : Generating random java question...
2022-04-05 21:13:16.714  INFO 20263 --- [http-nio-8080-exec-2] p.s.s.service.JavaQuestionService        : Getting all java questions.
2022-04-05 21:13:16.715  INFO 20263 --- [http-nio-8080-exec-2] p.s.s.service.JavaQuestionService        : Random java question was gotten: What is an encapsulation? Answer: Hiding the implementation
2022-04-05 21:13:16.715  INFO 20263 --- [http-nio-8080-exec-2] p.s.s.service.JavaQuestionService        : Generating random java question...
2022-04-05 21:13:16.715  INFO 20263 --- [http-nio-8080-exec-2] p.s.s.service.JavaQuestionService        : Getting all java questions.
2022-04-05 21:13:16.715  INFO 20263 --- [http-nio-8080-exec-2] p.s.s.service.JavaQuestionService        : Random java question was gotten: What is a Map? Answer: Data structure
2022-04-05 21:13:16.715  INFO 20263 --- [http-nio-8080-exec-2] p.s.s.service.JavaQuestionService        : Generating random java question...
2022-04-05 21:13:16.715  INFO 20263 --- [http-nio-8080-exec-2] p.s.s.service.JavaQuestionService        : Getting all java questions.
2022-04-05 21:13:16.715  INFO 20263 --- [http-nio-8080-exec-2] p.s.s.service.JavaQuestionService        : Random java question was gotten: What is an encapsulation? Answer: Hiding the implementation
2022-04-05 21:13:16.715  INFO 20263 --- [http-nio-8080-exec-2] p.s.s.service.JavaQuestionService        : Generating random java question...
2022-04-05 21:13:16.715  INFO 20263 --- [http-nio-8080-exec-2] p.s.s.service.JavaQuestionService        : Getting all java questions.
2022-04-05 21:13:16.715  INFO 20263 --- [http-nio-8080-exec-2] p.s.s.service.JavaQuestionService        : Random java question was gotten: What is a Map? Answer: Data structure
2022-04-05 21:13:16.716  INFO 20263 --- [http-nio-8080-exec-2] p.s.s.service.JavaQuestionService        : Generating random java question...
2022-04-05 21:13:16.716  INFO 20263 --- [http-nio-8080-exec-2] p.s.s.service.JavaQuestionService        : Getting all java questions.
2022-04-05 21:13:16.716  INFO 20263 --- [http-nio-8080-exec-2] p.s.s.service.JavaQuestionService        : Random java question was gotten: What is a Map? Answer: Data structure
2022-04-05 21:13:16.716  INFO 20263 --- [http-nio-8080-exec-2] p.s.s.service.JavaQuestionService        : Generating random java question...
2022-04-05 21:13:16.716  INFO 20263 --- [http-nio-8080-exec-2] p.s.s.service.JavaQuestionService        : Getting all java questions.
2022-04-05 21:13:16.716  INFO 20263 --- [http-nio-8080-exec-2] p.s.s.service.JavaQuestionService        : Random java question was gotten: What is a Map? Answer: Data structure
2022-04-05 21:13:16.716  INFO 20263 --- [http-nio-8080-exec-2] p.s.s.service.JavaQuestionService        : Generating random java question...
2022-04-05 21:13:16.716  INFO 20263 --- [http-nio-8080-exec-2] p.s.s.service.JavaQuestionService        : Getting all java questions.
2022-04-05 21:13:16.716  INFO 20263 --- [http-nio-8080-exec-2] p.s.s.service.JavaQuestionService        : Random java question was gotten: What is a Spring? Answer: FrameWork
2022-04-05 21:13:16.716  INFO 20263 --- [http-nio-8080-exec-2] p.s.s.service.JavaQuestionService        : Questions have been received.
2022-04-05 21:13:16.717  INFO 20263 --- [http-nio-8080-exec-2] p.s.s.service.JavaQuestionService        : Generating list of questions =pro.sky.secondcoursework.service.MathQuestionService@663bb8ef
2022-04-05 21:13:16.717  INFO 20263 --- [http-nio-8080-exec-2] p.s.s.service.JavaQuestionService        : Generating math question.
2022-04-05 21:13:16.717  INFO 20263 --- [http-nio-8080-exec-2] p.s.s.service.JavaQuestionService        : Math question was generated: 92+7 Answer: 99
2022-04-05 21:13:16.717  INFO 20263 --- [http-nio-8080-exec-2] p.s.s.service.JavaQuestionService        : Generating math question.
2022-04-05 21:13:16.717  INFO 20263 --- [http-nio-8080-exec-2] p.s.s.service.JavaQuestionService        : Math question was generated: 30+41 Answer: 71
2022-04-05 21:13:16.717  INFO 20263 --- [http-nio-8080-exec-2] p.s.s.service.JavaQuestionService        : Generating math question.
2022-04-05 21:13:16.717  INFO 20263 --- [http-nio-8080-exec-2] p.s.s.service.JavaQuestionService        : Math question was generated: 92+20 Answer: 112
2022-04-05 21:13:16.717  INFO 20263 --- [http-nio-8080-exec-2] p.s.s.service.JavaQuestionService        : Generating math question.
2022-04-05 21:13:16.717  INFO 20263 --- [http-nio-8080-exec-2] p.s.s.service.JavaQuestionService        : Math question was generated: 66+41 Answer: 107
2022-04-05 21:13:16.717  INFO 20263 --- [http-nio-8080-exec-2] p.s.s.service.JavaQuestionService        : Questions have been received.
2022-04-05 21:13:16.717  INFO 20263 --- [http-nio-8080-exec-2] p.s.s.service.JavaQuestionService        : List of questions was successfully generated!
2022-04-05 22:16:55.452  INFO 20894 --- [main] p.s.s.SecondCourseWorkApplication        : Starting SecondCourseWorkApplication using Java 11.0.1 on MacBook-Pro-Olga.local with PID 20894 (/Users/olgapyshkina/IdeaProjects/second-course-work/target/classes started by olgapyshkina in /Users/olgapyshkina/IdeaProjects/second-course-work)
2022-04-05 22:16:55.456  INFO 20894 --- [main] p.s.s.SecondCourseWorkApplication        : No active profile set, falling back to 1 default profile: "default"
2022-04-05 22:16:57.278  INFO 20894 --- [main] o.s.b.w.embedded.tomcat.TomcatWebServer  : Tomcat initialized with port(s): 8080 (http)
2022-04-05 22:16:57.298  INFO 20894 --- [main] o.apache.catalina.core.StandardService   : Starting service [Tomcat]
2022-04-05 22:16:57.299  INFO 20894 --- [main] org.apache.catalina.core.StandardEngine  : Starting Servlet engine: [Apache Tomcat/9.0.60]
2022-04-05 22:16:57.470  INFO 20894 --- [main] o.a.c.c.C.[Tomcat].[localhost].[/exam]   : Initializing Spring embedded WebApplicationContext
2022-04-05 22:16:57.470  INFO 20894 --- [main] w.s.c.ServletWebServerApplicationContext : Root WebApplicationContext: initialization completed in 1775 ms
2022-04-05 22:16:57.968  INFO 20894 --- [main] o.s.b.w.embedded.tomcat.TomcatWebServer  : Tomcat started on port(s): 8080 (http) with context path '/exam'
2022-04-05 22:16:57.983  INFO 20894 --- [main] p.s.s.SecondCourseWorkApplication        : Started SecondCourseWorkApplication in 3.136 seconds (JVM running for 4.584)
2022-04-05 22:17:04.670  INFO 20894 --- [http-nio-8080-exec-1] o.a.c.c.C.[Tomcat].[localhost].[/exam]   : Initializing Spring DispatcherServlet 'dispatcherServlet'
2022-04-05 22:17:04.671  INFO 20894 --- [http-nio-8080-exec-1] o.s.web.servlet.DispatcherServlet        : Initializing Servlet 'dispatcherServlet'
2022-04-05 22:17:04.672  INFO 20894 --- [http-nio-8080-exec-1] o.s.web.servlet.DispatcherServlet        : Completed initialization in 1 ms
2022-04-05 22:17:04.705  INFO 20894 --- [http-nio-8080-exec-1] p.s.s.service.JavaQuestionService        : Generating list of all subjects questions...
2022-04-05 22:17:04.705  INFO 20894 --- [http-nio-8080-exec-1] p.s.s.service.JavaQuestionService        : Getting all java questions.
2022-04-05 22:17:04.705  INFO 20894 --- [http-nio-8080-exec-1] p.s.s.service.JavaQuestionService        : Getting all java questions.
2022-04-05 22:17:04.705  INFO 20894 --- [http-nio-8080-exec-1] p.s.s.service.JavaQuestionService        : Generating number of java questions...
2022-04-05 22:17:04.706  INFO 20894 --- [http-nio-8080-exec-1] p.s.s.service.JavaQuestionService        : Number of java questions is 0
2022-04-05 22:17:04.706  INFO 20894 --- [http-nio-8080-exec-1] p.s.s.service.JavaQuestionService        : Generating list of questions =pro.sky.secondcoursework.service.JavaQuestionService@6cd3ad8a
2022-04-05 22:17:04.708  INFO 20894 --- [http-nio-8080-exec-1] p.s.s.service.JavaQuestionService        : Questions have been received.
2022-04-05 22:17:04.708  INFO 20894 --- [http-nio-8080-exec-1] p.s.s.service.JavaQuestionService        : Generating list of questions =pro.sky.secondcoursework.service.JavaQuestionService@6cd3ad8a
2022-04-05 22:17:04.708  INFO 20894 --- [http-nio-8080-exec-1] p.s.s.service.JavaQuestionService        : Generating random java question...
2022-04-05 22:17:04.708  INFO 20894 --- [http-nio-8080-exec-1] p.s.s.service.JavaQuestionService        : Getting all java questions.
2022-04-05 22:17:04.709  INFO 20894 --- [http-nio-8080-exec-1] p.s.s.service.JavaQuestionService        : Random java question was gotten: What is  a variable? Answer: Named memory area
2022-04-05 22:17:04.709  INFO 20894 --- [http-nio-8080-exec-1] p.s.s.service.JavaQuestionService        : Generating random java question...
2022-04-05 22:17:04.709  INFO 20894 --- [http-nio-8080-exec-1] p.s.s.service.JavaQuestionService        : Getting all java questions.
2022-04-05 22:17:04.709  INFO 20894 --- [http-nio-8080-exec-1] p.s.s.service.JavaQuestionService        : Random java question was gotten: What is a Map? Answer: Data structure
2022-04-05 22:17:04.709  INFO 20894 --- [http-nio-8080-exec-1] p.s.s.service.JavaQuestionService        : Generating random java question...
2022-04-05 22:17:04.709  INFO 20894 --- [http-nio-8080-exec-1] p.s.s.service.JavaQuestionService        : Getting all java questions.
2022-04-05 22:17:04.709  INFO 20894 --- [http-nio-8080-exec-1] p.s.s.service.JavaQuestionService        : Random java question was gotten: What is a recurse? Answer: Droch
2022-04-05 22:17:04.709  INFO 20894 --- [http-nio-8080-exec-1] p.s.s.service.JavaQuestionService        : Generating random java question...
2022-04-05 22:17:04.710  INFO 20894 --- [http-nio-8080-exec-1] p.s.s.service.JavaQuestionService        : Getting all java questions.
2022-04-05 22:17:04.710  INFO 20894 --- [http-nio-8080-exec-1] p.s.s.service.JavaQuestionService        : Random java question was gotten: What is a Map? Answer: Data structure
2022-04-05 22:17:04.710  INFO 20894 --- [http-nio-8080-exec-1] p.s.s.service.JavaQuestionService        : Generating random java question...
2022-04-05 22:17:04.710  INFO 20894 --- [http-nio-8080-exec-1] p.s.s.service.JavaQuestionService        : Getting all java questions.
2022-04-05 22:17:04.710  INFO 20894 --- [http-nio-8080-exec-1] p.s.s.service.JavaQuestionService        : Random java question was gotten: What is a Spring? Answer: FrameWork
2022-04-05 22:17:04.710  INFO 20894 --- [http-nio-8080-exec-1] p.s.s.service.JavaQuestionService        : Questions have been received.
2022-04-05 22:17:10.558  INFO 20894 --- [http-nio-8080-exec-2] p.s.s.service.JavaQuestionService        : Generating list of all subjects questions...
2022-04-05 22:17:10.558  INFO 20894 --- [http-nio-8080-exec-2] p.s.s.service.JavaQuestionService        : Getting all java questions.
2022-04-05 22:17:10.559  INFO 20894 --- [http-nio-8080-exec-2] p.s.s.service.JavaQuestionService        : Getting all java questions.
2022-04-05 22:17:10.559  INFO 20894 --- [http-nio-8080-exec-2] p.s.s.service.JavaQuestionService        : Generating number of java questions...
2022-04-05 22:17:10.559  INFO 20894 --- [http-nio-8080-exec-2] p.s.s.service.JavaQuestionService        : Number of java questions is 3
2022-04-05 22:17:10.559  INFO 20894 --- [http-nio-8080-exec-2] p.s.s.service.JavaQuestionService        : Generating list of questions =pro.sky.secondcoursework.service.JavaQuestionService@6cd3ad8a
2022-04-05 22:17:10.559  INFO 20894 --- [http-nio-8080-exec-2] p.s.s.service.JavaQuestionService        : Generating random java question...
2022-04-05 22:17:10.559  INFO 20894 --- [http-nio-8080-exec-2] p.s.s.service.JavaQuestionService        : Getting all java questions.
2022-04-05 22:17:10.559  INFO 20894 --- [http-nio-8080-exec-2] p.s.s.service.JavaQuestionService        : Random java question was gotten: What is a recurse? Answer: Droch
2022-04-05 22:17:10.559  INFO 20894 --- [http-nio-8080-exec-2] p.s.s.service.JavaQuestionService        : Generating random java question...
2022-04-05 22:17:10.560  INFO 20894 --- [http-nio-8080-exec-2] p.s.s.service.JavaQuestionService        : Getting all java questions.
2022-04-05 22:17:10.560  INFO 20894 --- [http-nio-8080-exec-2] p.s.s.service.JavaQuestionService        : Random java question was gotten: What is an encapsulation? Answer: Hiding the implementation
2022-04-05 22:17:10.560  INFO 20894 --- [http-nio-8080-exec-2] p.s.s.service.JavaQuestionService        : Generating random java question...
2022-04-05 22:17:10.560  INFO 20894 --- [http-nio-8080-exec-2] p.s.s.service.JavaQuestionService        : Getting all java questions.
2022-04-05 22:17:10.560  INFO 20894 --- [http-nio-8080-exec-2] p.s.s.service.JavaQuestionService        : Random java question was gotten: What is  a variable? Answer: Named memory area
2022-04-05 22:17:10.560  INFO 20894 --- [http-nio-8080-exec-2] p.s.s.service.JavaQuestionService        : Questions have been received.
2022-04-05 22:17:10.560  INFO 20894 --- [http-nio-8080-exec-2] p.s.s.service.JavaQuestionService        : Generating list of questions =pro.sky.secondcoursework.service.JavaQuestionService@6cd3ad8a
2022-04-05 22:17:10.560  INFO 20894 --- [http-nio-8080-exec-2] p.s.s.service.JavaQuestionService        : Generating random java question...
2022-04-05 22:17:10.560  INFO 20894 --- [http-nio-8080-exec-2] p.s.s.service.JavaQuestionService        : Getting all java questions.
2022-04-05 22:17:10.561  INFO 20894 --- [http-nio-8080-exec-2] p.s.s.service.JavaQuestionService        : Random java question was gotten: What is  a variable? Answer: Named memory area
2022-04-05 22:17:10.561  INFO 20894 --- [http-nio-8080-exec-2] p.s.s.service.JavaQuestionService        : Questions have been received.
2022-04-05 22:20:45.012  INFO 20936 --- [main] p.s.s.SecondCourseWorkApplication        : Starting SecondCourseWorkApplication using Java 11.0.1 on MacBook-Pro-Olga.local with PID 20936 (/Users/olgapyshkina/IdeaProjects/second-course-work/target/classes started by olgapyshkina in /Users/olgapyshkina/IdeaProjects/second-course-work)
2022-04-05 22:20:45.015  INFO 20936 --- [main] p.s.s.SecondCourseWorkApplication        : No active profile set, falling back to 1 default profile: "default"
2022-04-05 22:20:46.926  INFO 20936 --- [main] o.s.b.w.embedded.tomcat.TomcatWebServer  : Tomcat initialized with port(s): 8080 (http)
2022-04-05 22:20:46.941  INFO 20936 --- [main] o.apache.catalina.core.StandardService   : Starting service [Tomcat]
2022-04-05 22:20:46.941  INFO 20936 --- [main] org.apache.catalina.core.StandardEngine  : Starting Servlet engine: [Apache Tomcat/9.0.60]
2022-04-05 22:20:47.051  INFO 20936 --- [main] o.a.c.c.C.[Tomcat].[localhost].[/exam]   : Initializing Spring embedded WebApplicationContext
2022-04-05 22:20:47.051  INFO 20936 --- [main] w.s.c.ServletWebServerApplicationContext : Root WebApplicationContext: initialization completed in 1956 ms
2022-04-05 22:20:47.596  INFO 20936 --- [main] o.s.b.w.embedded.tomcat.TomcatWebServer  : Tomcat started on port(s): 8080 (http) with context path '/exam'
2022-04-05 22:20:47.609  INFO 20936 --- [main] p.s.s.SecondCourseWorkApplication        : Started SecondCourseWorkApplication in 3.202 seconds (JVM running for 4.398)
2022-04-05 22:20:52.368  INFO 20936 --- [http-nio-8080-exec-1] o.a.c.c.C.[Tomcat].[localhost].[/exam]   : Initializing Spring DispatcherServlet 'dispatcherServlet'
2022-04-05 22:20:52.369  INFO 20936 --- [http-nio-8080-exec-1] o.s.web.servlet.DispatcherServlet        : Initializing Servlet 'dispatcherServlet'
2022-04-05 22:20:52.371  INFO 20936 --- [http-nio-8080-exec-1] o.s.web.servlet.DispatcherServlet        : Completed initialization in 1 ms
2022-04-05 22:20:52.406  INFO 20936 --- [http-nio-8080-exec-1] p.s.s.service.JavaQuestionService        : Generating list of all subjects questions...
2022-04-05 22:20:52.406  INFO 20936 --- [http-nio-8080-exec-1] p.s.s.service.JavaQuestionService        : Getting all java questions.
2022-04-05 22:20:52.406  INFO 20936 --- [http-nio-8080-exec-1] p.s.s.service.JavaQuestionService        : Generating number of java questions...
2022-04-05 22:20:52.407  INFO 20936 --- [http-nio-8080-exec-1] p.s.s.service.JavaQuestionService        : Number of java questions is 2
2022-04-05 22:20:52.407  INFO 20936 --- [http-nio-8080-exec-1] p.s.s.service.JavaQuestionService        : Generating list of questions =pro.sky.secondcoursework.service.JavaQuestionService@648d0e6d
2022-04-05 22:20:52.408  INFO 20936 --- [http-nio-8080-exec-1] p.s.s.service.JavaQuestionService        : Generating random java question...
2022-04-05 22:20:52.408  INFO 20936 --- [http-nio-8080-exec-1] p.s.s.service.JavaQuestionService        : Getting all java questions.
2022-04-05 22:20:52.408  INFO 20936 --- [http-nio-8080-exec-1] p.s.s.service.JavaQuestionService        : Random java question was gotten: What is a recurse? Answer: Droch
2022-04-05 22:20:52.409  INFO 20936 --- [http-nio-8080-exec-1] p.s.s.service.JavaQuestionService        : Generating random java question...
2022-04-05 22:20:52.409  INFO 20936 --- [http-nio-8080-exec-1] p.s.s.service.JavaQuestionService        : Getting all java questions.
2022-04-05 22:20:52.409  INFO 20936 --- [http-nio-8080-exec-1] p.s.s.service.JavaQuestionService        : Random java question was gotten: What is an encapsulation? Answer: Hiding the implementation
2022-04-05 22:20:52.409  INFO 20936 --- [http-nio-8080-exec-1] p.s.s.service.JavaQuestionService        : Questions have been received.
2022-04-05 22:20:52.409  INFO 20936 --- [http-nio-8080-exec-1] p.s.s.service.JavaQuestionService        : Generating list of questions =pro.sky.secondcoursework.service.JavaQuestionService@648d0e6d
2022-04-05 22:20:52.409  INFO 20936 --- [http-nio-8080-exec-1] p.s.s.service.JavaQuestionService        : Generating random java question...
2022-04-05 22:20:52.409  INFO 20936 --- [http-nio-8080-exec-1] p.s.s.service.JavaQuestionService        : Getting all java questions.
2022-04-05 22:20:52.409  INFO 20936 --- [http-nio-8080-exec-1] p.s.s.service.JavaQuestionService        : Random java question was gotten: What is  a variable? Answer: Named memory area
2022-04-05 22:20:52.409  INFO 20936 --- [http-nio-8080-exec-1] p.s.s.service.JavaQuestionService        : Generating random java question...
2022-04-05 22:20:52.410  INFO 20936 --- [http-nio-8080-exec-1] p.s.s.service.JavaQuestionService        : Getting all java questions.
2022-04-05 22:20:52.410  INFO 20936 --- [http-nio-8080-exec-1] p.s.s.service.JavaQuestionService        : Random java question was gotten: What is a recurse? Answer: Droch
2022-04-05 22:20:52.410  INFO 20936 --- [http-nio-8080-exec-1] p.s.s.service.JavaQuestionService        : Questions have been received.
2022-04-05 22:20:52.410  INFO 20936 --- [http-nio-8080-exec-1] p.s.s.service.JavaQuestionService        : Generating list of questions =pro.sky.secondcoursework.service.MathQuestionService@79e66b2f
2022-04-05 22:20:52.410  INFO 20936 --- [http-nio-8080-exec-1] p.s.s.service.JavaQuestionService        : Generating math question.
2022-04-05 22:20:52.412  INFO 20936 --- [http-nio-8080-exec-1] p.s.s.service.JavaQuestionService        : Math question was generated: 76+44 Answer: 120
2022-04-05 22:20:52.412  INFO 20936 --- [http-nio-8080-exec-1] p.s.s.service.JavaQuestionService        : Generating math question.
2022-04-05 22:20:52.412  INFO 20936 --- [http-nio-8080-exec-1] p.s.s.service.JavaQuestionService        : Math question was generated: 83+10 Answer: 93
2022-04-05 22:20:52.412  INFO 20936 --- [http-nio-8080-exec-1] p.s.s.service.JavaQuestionService        : Questions have been received.
2022-04-05 22:20:52.413  INFO 20936 --- [http-nio-8080-exec-1] p.s.s.service.JavaQuestionService        : List of questions was successfully generated!
2022-04-05 22:21:12.027  INFO 20936 --- [http-nio-8080-exec-2] p.s.s.service.JavaQuestionService        : Generating list of all subjects questions...
2022-04-05 22:21:12.027  INFO 20936 --- [http-nio-8080-exec-2] p.s.s.service.JavaQuestionService        : Getting all java questions.
2022-04-05 22:21:12.028  INFO 20936 --- [http-nio-8080-exec-2] p.s.s.service.JavaQuestionService        : Generating number of java questions...
2022-04-05 22:21:12.028  INFO 20936 --- [http-nio-8080-exec-2] p.s.s.service.JavaQuestionService        : Number of java questions is 0
2022-04-05 22:21:12.028  INFO 20936 --- [http-nio-8080-exec-2] p.s.s.service.JavaQuestionService        : Generating list of questions =pro.sky.secondcoursework.service.JavaQuestionService@648d0e6d
2022-04-05 22:21:12.028  INFO 20936 --- [http-nio-8080-exec-2] p.s.s.service.JavaQuestionService        : Questions have been received.
2022-04-05 22:21:12.028  INFO 20936 --- [http-nio-8080-exec-2] p.s.s.service.JavaQuestionService        : Generating list of questions =pro.sky.secondcoursework.service.JavaQuestionService@648d0e6d
2022-04-05 22:21:12.028  INFO 20936 --- [http-nio-8080-exec-2] p.s.s.service.JavaQuestionService        : Generating random java question...
2022-04-05 22:21:12.028  INFO 20936 --- [http-nio-8080-exec-2] p.s.s.service.JavaQuestionService        : Getting all java questions.
2022-04-05 22:21:12.029  INFO 20936 --- [http-nio-8080-exec-2] p.s.s.service.JavaQuestionService        : Random java question was gotten: What is  a variable? Answer: Named memory area
2022-04-05 22:21:12.029  INFO 20936 --- [http-nio-8080-exec-2] p.s.s.service.JavaQuestionService        : Generating random java question...
2022-04-05 22:21:12.029  INFO 20936 --- [http-nio-8080-exec-2] p.s.s.service.JavaQuestionService        : Getting all java questions.
2022-04-05 22:21:12.029  INFO 20936 --- [http-nio-8080-exec-2] p.s.s.service.JavaQuestionService        : Random java question was gotten: What is  a variable? Answer: Named memory area
2022-04-05 22:21:12.029  INFO 20936 --- [http-nio-8080-exec-2] p.s.s.service.JavaQuestionService        : Generating random java question...
2022-04-05 22:21:12.029  INFO 20936 --- [http-nio-8080-exec-2] p.s.s.service.JavaQuestionService        : Getting all java questions.
2022-04-05 22:21:12.029  INFO 20936 --- [http-nio-8080-exec-2] p.s.s.service.JavaQuestionService        : Random java question was gotten: What is  a variable? Answer: Named memory area
2022-04-05 22:21:12.029  INFO 20936 --- [http-nio-8080-exec-2] p.s.s.service.JavaQuestionService        : Generating random java question...
2022-04-05 22:21:12.029  INFO 20936 --- [http-nio-8080-exec-2] p.s.s.service.JavaQuestionService        : Getting all java questions.
2022-04-05 22:21:12.029  INFO 20936 --- [http-nio-8080-exec-2] p.s.s.service.JavaQuestionService        : Random java question was gotten: What is a recurse? Answer: Droch
2022-04-05 22:21:12.029  INFO 20936 --- [http-nio-8080-exec-2] p.s.s.service.JavaQuestionService        : Questions have been received.
2022-04-05 22:21:12.029  INFO 20936 --- [http-nio-8080-exec-2] p.s.s.service.JavaQuestionService        : Generating list of questions =pro.sky.secondcoursework.service.MathQuestionService@79e66b2f
2022-04-05 22:21:12.030  INFO 20936 --- [http-nio-8080-exec-2] p.s.s.service.JavaQuestionService        : Generating math question.
2022-04-05 22:21:12.030  INFO 20936 --- [http-nio-8080-exec-2] p.s.s.service.JavaQuestionService        : Math question was generated: 27+1 Answer: 28
2022-04-05 22:21:12.030  INFO 20936 --- [http-nio-8080-exec-2] p.s.s.service.JavaQuestionService        : Generating math question.
2022-04-05 22:21:12.030  INFO 20936 --- [http-nio-8080-exec-2] p.s.s.service.JavaQuestionService        : Math question was generated: 17+47 Answer: 64
2022-04-05 22:21:12.030  INFO 20936 --- [http-nio-8080-exec-2] p.s.s.service.JavaQuestionService        : Questions have been received.
2022-04-05 22:21:12.030  INFO 20936 --- [http-nio-8080-exec-2] p.s.s.service.JavaQuestionService        : List of questions was successfully generated!
2022-04-05 22:21:17.866  INFO 20936 --- [http-nio-8080-exec-3] p.s.s.service.JavaQuestionService        : Generating list of all subjects questions...
2022-04-05 22:21:17.867  INFO 20936 --- [http-nio-8080-exec-3] p.s.s.service.JavaQuestionService        : Getting all java questions.
2022-04-05 22:21:17.867  INFO 20936 --- [http-nio-8080-exec-3] p.s.s.service.JavaQuestionService        : Generating number of java questions...
2022-04-05 22:21:17.867  INFO 20936 --- [http-nio-8080-exec-3] p.s.s.service.JavaQuestionService        : Number of java questions is 1
2022-04-05 22:21:17.867  INFO 20936 --- [http-nio-8080-exec-3] p.s.s.service.JavaQuestionService        : Generating list of questions =pro.sky.secondcoursework.service.JavaQuestionService@648d0e6d
2022-04-05 22:21:17.867  INFO 20936 --- [http-nio-8080-exec-3] p.s.s.service.JavaQuestionService        : Generating random java question...
2022-04-05 22:21:17.867  INFO 20936 --- [http-nio-8080-exec-3] p.s.s.service.JavaQuestionService        : Getting all java questions.
2022-04-05 22:21:17.867  INFO 20936 --- [http-nio-8080-exec-3] p.s.s.service.JavaQuestionService        : Random java question was gotten: What is a recurse? Answer: Droch
2022-04-05 22:21:17.868  INFO 20936 --- [http-nio-8080-exec-3] p.s.s.service.JavaQuestionService        : Questions have been received.
2022-04-05 22:21:17.868  INFO 20936 --- [http-nio-8080-exec-3] p.s.s.service.JavaQuestionService        : Generating list of questions =pro.sky.secondcoursework.service.JavaQuestionService@648d0e6d
2022-04-05 22:21:17.868  INFO 20936 --- [http-nio-8080-exec-3] p.s.s.service.JavaQuestionService        : Generating random java question...
2022-04-05 22:21:17.868  INFO 20936 --- [http-nio-8080-exec-3] p.s.s.service.JavaQuestionService        : Getting all java questions.
2022-04-05 22:21:17.868  INFO 20936 --- [http-nio-8080-exec-3] p.s.s.service.JavaQuestionService        : Random java question was gotten: What is a Spring? Answer: FrameWork
2022-04-05 22:21:17.868  INFO 20936 --- [http-nio-8080-exec-3] p.s.s.service.JavaQuestionService        : Generating random java question...
2022-04-05 22:21:17.868  INFO 20936 --- [http-nio-8080-exec-3] p.s.s.service.JavaQuestionService        : Getting all java questions.
2022-04-05 22:21:17.868  INFO 20936 --- [http-nio-8080-exec-3] p.s.s.service.JavaQuestionService        : Random java question was gotten: What is a recurse? Answer: Droch
2022-04-05 22:21:17.868  INFO 20936 --- [http-nio-8080-exec-3] p.s.s.service.JavaQuestionService        : Questions have been received.
2022-04-05 22:21:17.869  INFO 20936 --- [http-nio-8080-exec-3] p.s.s.service.JavaQuestionService        : Generating list of questions =pro.sky.secondcoursework.service.MathQuestionService@79e66b2f
2022-04-05 22:21:17.869  INFO 20936 --- [http-nio-8080-exec-3] p.s.s.service.JavaQuestionService        : Generating math question.
2022-04-05 22:21:17.869  INFO 20936 --- [http-nio-8080-exec-3] p.s.s.service.JavaQuestionService        : Math question was generated: 58+52 Answer: 110
2022-04-05 22:21:17.869  INFO 20936 --- [http-nio-8080-exec-3] p.s.s.service.JavaQuestionService        : Generating math question.
2022-04-05 22:21:17.869  INFO 20936 --- [http-nio-8080-exec-3] p.s.s.service.JavaQuestionService        : Math question was generated: 5+82 Answer: 87
2022-04-05 22:21:17.869  INFO 20936 --- [http-nio-8080-exec-3] p.s.s.service.JavaQuestionService        : Questions have been received.
2022-04-05 22:21:17.869  INFO 20936 --- [http-nio-8080-exec-3] p.s.s.service.JavaQuestionService        : List of questions was successfully generated!
2022-04-05 22:36:10.383  INFO 21110 --- [main] p.s.s.SecondCourseWorkApplication        : Starting SecondCourseWorkApplication using Java 11.0.1 on MacBook-Pro-Olga.local with PID 21110 (/Users/olgapyshkina/IdeaProjects/second-course-work/target/classes started by olgapyshkina in /Users/olgapyshkina/IdeaProjects/second-course-work)
2022-04-05 22:36:10.386  INFO 21110 --- [main] p.s.s.SecondCourseWorkApplication        : No active profile set, falling back to 1 default profile: "default"
2022-04-05 22:36:11.621  INFO 21110 --- [main] o.s.b.w.embedded.tomcat.TomcatWebServer  : Tomcat initialized with port(s): 8080 (http)
2022-04-05 22:36:11.637  INFO 21110 --- [main] o.apache.catalina.core.StandardService   : Starting service [Tomcat]
2022-04-05 22:36:11.638  INFO 21110 --- [main] org.apache.catalina.core.StandardEngine  : Starting Servlet engine: [Apache Tomcat/9.0.60]
2022-04-05 22:36:11.739  INFO 21110 --- [main] o.a.c.c.C.[Tomcat].[localhost].[/exam]   : Initializing Spring embedded WebApplicationContext
2022-04-05 22:36:11.739  INFO 21110 --- [main] w.s.c.ServletWebServerApplicationContext : Root WebApplicationContext: initialization completed in 1194 ms
2022-04-05 22:36:12.185  INFO 21110 --- [main] o.s.b.w.embedded.tomcat.TomcatWebServer  : Tomcat started on port(s): 8080 (http) with context path '/exam'
2022-04-05 22:36:12.195  INFO 21110 --- [main] p.s.s.SecondCourseWorkApplication        : Started SecondCourseWorkApplication in 2.311 seconds (JVM running for 3.409)
2022-04-05 22:36:15.927  INFO 21110 --- [http-nio-8080-exec-1] o.a.c.c.C.[Tomcat].[localhost].[/exam]   : Initializing Spring DispatcherServlet 'dispatcherServlet'
2022-04-05 22:36:15.928  INFO 21110 --- [http-nio-8080-exec-1] o.s.web.servlet.DispatcherServlet        : Initializing Servlet 'dispatcherServlet'
2022-04-05 22:36:15.929  INFO 21110 --- [http-nio-8080-exec-1] o.s.web.servlet.DispatcherServlet        : Completed initialization in 0 ms
2022-04-05 22:36:15.965  INFO 21110 --- [http-nio-8080-exec-1] p.s.s.service.JavaQuestionService        : Generating list of all subjects questions...
2022-04-05 22:36:15.965  INFO 21110 --- [http-nio-8080-exec-1] p.s.s.service.JavaQuestionService        : Generating random java question...
2022-04-05 22:36:15.965  INFO 21110 --- [http-nio-8080-exec-1] p.s.s.service.JavaQuestionService        : Getting all java questions.
2022-04-05 22:36:15.966  INFO 21110 --- [http-nio-8080-exec-1] p.s.s.service.JavaQuestionService        : Random java question was gotten: What is a recurse? Answer: Droch
2022-04-05 22:36:15.966  INFO 21110 --- [http-nio-8080-exec-1] p.s.s.service.JavaQuestionService        : Generating random java question...
2022-04-05 22:36:15.966  INFO 21110 --- [http-nio-8080-exec-1] p.s.s.service.JavaQuestionService        : Getting all java questions.
2022-04-05 22:36:15.966  INFO 21110 --- [http-nio-8080-exec-1] p.s.s.service.JavaQuestionService        : Random java question was gotten: What is  a variable? Answer: Named memory area
2022-04-05 22:36:15.967  INFO 21110 --- [http-nio-8080-exec-1] p.s.s.service.JavaQuestionService        : Generating math question.
2022-04-05 22:36:15.970  INFO 21110 --- [http-nio-8080-exec-1] p.s.s.service.JavaQuestionService        : Math question was generated: 26+37 Answer: 63
2022-04-05 22:36:15.970  INFO 21110 --- [http-nio-8080-exec-1] p.s.s.service.JavaQuestionService        : List of questions was successfully generated!
2022-04-05 22:36:19.364  INFO 21110 --- [http-nio-8080-exec-2] p.s.s.service.JavaQuestionService        : Generating list of all subjects questions...
2022-04-05 22:36:19.364  INFO 21110 --- [http-nio-8080-exec-2] p.s.s.service.JavaQuestionService        : Generating random java question...
2022-04-05 22:36:19.364  INFO 21110 --- [http-nio-8080-exec-2] p.s.s.service.JavaQuestionService        : Getting all java questions.
2022-04-05 22:36:19.364  INFO 21110 --- [http-nio-8080-exec-2] p.s.s.service.JavaQuestionService        : Random java question was gotten: What is a Spring? Answer: FrameWork
2022-04-05 22:36:19.365  INFO 21110 --- [http-nio-8080-exec-2] p.s.s.service.JavaQuestionService        : Generating random java question...
2022-04-05 22:36:19.365  INFO 21110 --- [http-nio-8080-exec-2] p.s.s.service.JavaQuestionService        : Getting all java questions.
2022-04-05 22:36:19.365  INFO 21110 --- [http-nio-8080-exec-2] p.s.s.service.JavaQuestionService        : Random java question was gotten: What is a recurse? Answer: Droch
2022-04-05 22:36:19.383 ERROR 21110 --- [http-nio-8080-exec-2] o.a.c.c.C.[.[.[.[dispatcherServlet]      : Servlet.service() for servlet [dispatcherServlet] in context with path [/exam] threw exception [Request processing failed; nested exception is java.lang.IndexOutOfBoundsException: Index 2 out of bounds for length 2] with root cause

java.lang.IndexOutOfBoundsException: Index 2 out of bounds for length 2
	at java.base/jdk.internal.util.Preconditions.outOfBounds(Preconditions.java:64) ~[na:na]
	at java.base/jdk.internal.util.Preconditions.outOfBoundsCheckIndex(Preconditions.java:70) ~[na:na]
	at java.base/jdk.internal.util.Preconditions.checkIndex(Preconditions.java:248) ~[na:na]
	at java.base/java.util.Objects.checkIndex(Objects.java:372) ~[na:na]
	at java.base/java.util.ArrayList.get(ArrayList.java:458) ~[na:na]
	at pro.sky.secondcoursework.service.ExaminerServiceImpl.getQuestions(ExaminerServiceImpl.java:28) ~[classes/:na]
	at pro.sky.secondcoursework.controller.ExamController.getQuestions(ExamController.java:22) ~[classes/:na]
	at java.base/jdk.internal.reflect.NativeMethodAccessorImpl.invoke0(Native Method) ~[na:na]
	at java.base/jdk.internal.reflect.NativeMethodAccessorImpl.invoke(NativeMethodAccessorImpl.java:62) ~[na:na]
	at java.base/jdk.internal.reflect.DelegatingMethodAccessorImpl.invoke(DelegatingMethodAccessorImpl.java:43) ~[na:na]
	at java.base/java.lang.reflect.Method.invoke(Method.java:566) ~[na:na]
	at org.springframework.web.method.support.InvocableHandlerMethod.doInvoke(InvocableHandlerMethod.java:205) ~[spring-web-5.3.17.jar:5.3.17]
	at org.springframework.web.method.support.InvocableHandlerMethod.invokeForRequest(InvocableHandlerMethod.java:150) ~[spring-web-5.3.17.jar:5.3.17]
	at org.springframework.web.servlet.mvc.method.annotation.ServletInvocableHandlerMethod.invokeAndHandle(ServletInvocableHandlerMethod.java:117) ~[spring-webmvc-5.3.17.jar:5.3.17]
	at org.springframework.web.servlet.mvc.method.annotation.RequestMappingHandlerAdapter.invokeHandlerMethod(RequestMappingHandlerAdapter.java:895) ~[spring-webmvc-5.3.17.jar:5.3.17]
	at org.springframework.web.servlet.mvc.method.annotation.RequestMappingHandlerAdapter.handleInternal(RequestMappingHandlerAdapter.java:808) ~[spring-webmvc-5.3.17.jar:5.3.17]
	at org.springframework.web.servlet.mvc.method.AbstractHandlerMethodAdapter.handle(AbstractHandlerMethodAdapter.java:87) ~[spring-webmvc-5.3.17.jar:5.3.17]
	at org.springframework.web.servlet.DispatcherServlet.doDispatch(DispatcherServlet.java:1067) ~[spring-webmvc-5.3.17.jar:5.3.17]
	at org.springframework.web.servlet.DispatcherServlet.doService(DispatcherServlet.java:963) ~[spring-webmvc-5.3.17.jar:5.3.17]
	at org.springframework.web.servlet.FrameworkServlet.processRequest(FrameworkServlet.java:1006) ~[spring-webmvc-5.3.17.jar:5.3.17]
	at org.springframework.web.servlet.FrameworkServlet.doGet(FrameworkServlet.java:898) ~[spring-webmvc-5.3.17.jar:5.3.17]
	at javax.servlet.http.HttpServlet.service(HttpServlet.java:655) ~[tomcat-embed-core-9.0.60.jar:4.0.FR]
	at org.springframework.web.servlet.FrameworkServlet.service(FrameworkServlet.java:883) ~[spring-webmvc-5.3.17.jar:5.3.17]
	at javax.servlet.http.HttpServlet.service(HttpServlet.java:764) ~[tomcat-embed-core-9.0.60.jar:4.0.FR]
	at org.apache.catalina.core.ApplicationFilterChain.internalDoFilter(ApplicationFilterChain.java:227) ~[tomcat-embed-core-9.0.60.jar:9.0.60]
	at org.apache.catalina.core.ApplicationFilterChain.doFilter(ApplicationFilterChain.java:162) ~[tomcat-embed-core-9.0.60.jar:9.0.60]
	at org.apache.tomcat.websocket.server.WsFilter.doFilter(WsFilter.java:53) ~[tomcat-embed-websocket-9.0.60.jar:9.0.60]
	at org.apache.catalina.core.ApplicationFilterChain.internalDoFilter(ApplicationFilterChain.java:189) ~[tomcat-embed-core-9.0.60.jar:9.0.60]
	at org.apache.catalina.core.ApplicationFilterChain.doFilter(ApplicationFilterChain.java:162) ~[tomcat-embed-core-9.0.60.jar:9.0.60]
	at org.springframework.web.filter.RequestContextFilter.doFilterInternal(RequestContextFilter.java:100) ~[spring-web-5.3.17.jar:5.3.17]
	at org.springframework.web.filter.OncePerRequestFilter.doFilter(OncePerRequestFilter.java:117) ~[spring-web-5.3.17.jar:5.3.17]
	at org.apache.catalina.core.ApplicationFilterChain.internalDoFilter(ApplicationFilterChain.java:189) ~[tomcat-embed-core-9.0.60.jar:9.0.60]
	at org.apache.catalina.core.ApplicationFilterChain.doFilter(ApplicationFilterChain.java:162) ~[tomcat-embed-core-9.0.60.jar:9.0.60]
	at org.springframework.web.filter.FormContentFilter.doFilterInternal(FormContentFilter.java:93) ~[spring-web-5.3.17.jar:5.3.17]
	at org.springframework.web.filter.OncePerRequestFilter.doFilter(OncePerRequestFilter.java:117) ~[spring-web-5.3.17.jar:5.3.17]
	at org.apache.catalina.core.ApplicationFilterChain.internalDoFilter(ApplicationFilterChain.java:189) ~[tomcat-embed-core-9.0.60.jar:9.0.60]
	at org.apache.catalina.core.ApplicationFilterChain.doFilter(ApplicationFilterChain.java:162) ~[tomcat-embed-core-9.0.60.jar:9.0.60]
	at org.springframework.web.filter.CharacterEncodingFilter.doFilterInternal(CharacterEncodingFilter.java:201) ~[spring-web-5.3.17.jar:5.3.17]
	at org.springframework.web.filter.OncePerRequestFilter.doFilter(OncePerRequestFilter.java:117) ~[spring-web-5.3.17.jar:5.3.17]
	at org.apache.catalina.core.ApplicationFilterChain.internalDoFilter(ApplicationFilterChain.java:189) ~[tomcat-embed-core-9.0.60.jar:9.0.60]
	at org.apache.catalina.core.ApplicationFilterChain.doFilter(ApplicationFilterChain.java:162) ~[tomcat-embed-core-9.0.60.jar:9.0.60]
	at org.apache.catalina.core.StandardWrapperValve.invoke(StandardWrapperValve.java:197) ~[tomcat-embed-core-9.0.60.jar:9.0.60]
	at org.apache.catalina.core.StandardContextValve.invoke(StandardContextValve.java:97) ~[tomcat-embed-core-9.0.60.jar:9.0.60]
	at org.apache.catalina.authenticator.AuthenticatorBase.invoke(AuthenticatorBase.java:541) ~[tomcat-embed-core-9.0.60.jar:9.0.60]
	at org.apache.catalina.core.StandardHostValve.invoke(StandardHostValve.java:135) ~[tomcat-embed-core-9.0.60.jar:9.0.60]
	at org.apache.catalina.valves.ErrorReportValve.invoke(ErrorReportValve.java:92) ~[tomcat-embed-core-9.0.60.jar:9.0.60]
	at org.apache.catalina.core.StandardEngineValve.invoke(StandardEngineValve.java:78) ~[tomcat-embed-core-9.0.60.jar:9.0.60]
	at org.apache.catalina.connector.CoyoteAdapter.service(CoyoteAdapter.java:360) ~[tomcat-embed-core-9.0.60.jar:9.0.60]
	at org.apache.coyote.http11.Http11Processor.service(Http11Processor.java:399) ~[tomcat-embed-core-9.0.60.jar:9.0.60]
	at org.apache.coyote.AbstractProcessorLight.process(AbstractProcessorLight.java:65) ~[tomcat-embed-core-9.0.60.jar:9.0.60]
	at org.apache.coyote.AbstractProtocol$ConnectionHandler.process(AbstractProtocol.java:889) ~[tomcat-embed-core-9.0.60.jar:9.0.60]
	at org.apache.tomcat.util.net.NioEndpoint$SocketProcessor.doRun(NioEndpoint.java:1743) ~[tomcat-embed-core-9.0.60.jar:9.0.60]
	at org.apache.tomcat.util.net.SocketProcessorBase.run(SocketProcessorBase.java:49) ~[tomcat-embed-core-9.0.60.jar:9.0.60]
	at org.apache.tomcat.util.threads.ThreadPoolExecutor.runWorker(ThreadPoolExecutor.java:1191) ~[tomcat-embed-core-9.0.60.jar:9.0.60]
	at org.apache.tomcat.util.threads.ThreadPoolExecutor$Worker.run(ThreadPoolExecutor.java:659) ~[tomcat-embed-core-9.0.60.jar:9.0.60]
	at org.apache.tomcat.util.threads.TaskThread$WrappingRunnable.run(TaskThread.java:61) ~[tomcat-embed-core-9.0.60.jar:9.0.60]
	at java.base/java.lang.Thread.run(Thread.java:834) ~[na:na]

2022-04-05 22:36:21.752  INFO 21110 --- [http-nio-8080-exec-3] p.s.s.service.JavaQuestionService        : Generating list of all subjects questions...
2022-04-05 22:36:21.753  INFO 21110 --- [http-nio-8080-exec-3] p.s.s.service.JavaQuestionService        : Generating random java question...
2022-04-05 22:36:21.753  INFO 21110 --- [http-nio-8080-exec-3] p.s.s.service.JavaQuestionService        : Getting all java questions.
2022-04-05 22:36:21.753  INFO 21110 --- [http-nio-8080-exec-3] p.s.s.service.JavaQuestionService        : Random java question was gotten: What is  a variable? Answer: Named memory area
2022-04-05 22:36:21.754 ERROR 21110 --- [http-nio-8080-exec-3] o.a.c.c.C.[.[.[.[dispatcherServlet]      : Servlet.service() for servlet [dispatcherServlet] in context with path [/exam] threw exception [Request processing failed; nested exception is java.lang.IndexOutOfBoundsException: Index 2 out of bounds for length 2] with root cause

java.lang.IndexOutOfBoundsException: Index 2 out of bounds for length 2
	at java.base/jdk.internal.util.Preconditions.outOfBounds(Preconditions.java:64) ~[na:na]
	at java.base/jdk.internal.util.Preconditions.outOfBoundsCheckIndex(Preconditions.java:70) ~[na:na]
	at java.base/jdk.internal.util.Preconditions.checkIndex(Preconditions.java:248) ~[na:na]
	at java.base/java.util.Objects.checkIndex(Objects.java:372) ~[na:na]
	at java.base/java.util.ArrayList.get(ArrayList.java:458) ~[na:na]
	at pro.sky.secondcoursework.service.ExaminerServiceImpl.getQuestions(ExaminerServiceImpl.java:28) ~[classes/:na]
	at pro.sky.secondcoursework.controller.ExamController.getQuestions(ExamController.java:22) ~[classes/:na]
	at java.base/jdk.internal.reflect.NativeMethodAccessorImpl.invoke0(Native Method) ~[na:na]
	at java.base/jdk.internal.reflect.NativeMethodAccessorImpl.invoke(NativeMethodAccessorImpl.java:62) ~[na:na]
	at java.base/jdk.internal.reflect.DelegatingMethodAccessorImpl.invoke(DelegatingMethodAccessorImpl.java:43) ~[na:na]
	at java.base/java.lang.reflect.Method.invoke(Method.java:566) ~[na:na]
	at org.springframework.web.method.support.InvocableHandlerMethod.doInvoke(InvocableHandlerMethod.java:205) ~[spring-web-5.3.17.jar:5.3.17]
	at org.springframework.web.method.support.InvocableHandlerMethod.invokeForRequest(InvocableHandlerMethod.java:150) ~[spring-web-5.3.17.jar:5.3.17]
	at org.springframework.web.servlet.mvc.method.annotation.ServletInvocableHandlerMethod.invokeAndHandle(ServletInvocableHandlerMethod.java:117) ~[spring-webmvc-5.3.17.jar:5.3.17]
	at org.springframework.web.servlet.mvc.method.annotation.RequestMappingHandlerAdapter.invokeHandlerMethod(RequestMappingHandlerAdapter.java:895) ~[spring-webmvc-5.3.17.jar:5.3.17]
	at org.springframework.web.servlet.mvc.method.annotation.RequestMappingHandlerAdapter.handleInternal(RequestMappingHandlerAdapter.java:808) ~[spring-webmvc-5.3.17.jar:5.3.17]
	at org.springframework.web.servlet.mvc.method.AbstractHandlerMethodAdapter.handle(AbstractHandlerMethodAdapter.java:87) ~[spring-webmvc-5.3.17.jar:5.3.17]
	at org.springframework.web.servlet.DispatcherServlet.doDispatch(DispatcherServlet.java:1067) ~[spring-webmvc-5.3.17.jar:5.3.17]
	at org.springframework.web.servlet.DispatcherServlet.doService(DispatcherServlet.java:963) ~[spring-webmvc-5.3.17.jar:5.3.17]
	at org.springframework.web.servlet.FrameworkServlet.processRequest(FrameworkServlet.java:1006) ~[spring-webmvc-5.3.17.jar:5.3.17]
	at org.springframework.web.servlet.FrameworkServlet.doGet(FrameworkServlet.java:898) ~[spring-webmvc-5.3.17.jar:5.3.17]
	at javax.servlet.http.HttpServlet.service(HttpServlet.java:655) ~[tomcat-embed-core-9.0.60.jar:4.0.FR]
	at org.springframework.web.servlet.FrameworkServlet.service(FrameworkServlet.java:883) ~[spring-webmvc-5.3.17.jar:5.3.17]
	at javax.servlet.http.HttpServlet.service(HttpServlet.java:764) ~[tomcat-embed-core-9.0.60.jar:4.0.FR]
	at org.apache.catalina.core.ApplicationFilterChain.internalDoFilter(ApplicationFilterChain.java:227) ~[tomcat-embed-core-9.0.60.jar:9.0.60]
	at org.apache.catalina.core.ApplicationFilterChain.doFilter(ApplicationFilterChain.java:162) ~[tomcat-embed-core-9.0.60.jar:9.0.60]
	at org.apache.tomcat.websocket.server.WsFilter.doFilter(WsFilter.java:53) ~[tomcat-embed-websocket-9.0.60.jar:9.0.60]
	at org.apache.catalina.core.ApplicationFilterChain.internalDoFilter(ApplicationFilterChain.java:189) ~[tomcat-embed-core-9.0.60.jar:9.0.60]
	at org.apache.catalina.core.ApplicationFilterChain.doFilter(ApplicationFilterChain.java:162) ~[tomcat-embed-core-9.0.60.jar:9.0.60]
	at org.springframework.web.filter.RequestContextFilter.doFilterInternal(RequestContextFilter.java:100) ~[spring-web-5.3.17.jar:5.3.17]
	at org.springframework.web.filter.OncePerRequestFilter.doFilter(OncePerRequestFilter.java:117) ~[spring-web-5.3.17.jar:5.3.17]
	at org.apache.catalina.core.ApplicationFilterChain.internalDoFilter(ApplicationFilterChain.java:189) ~[tomcat-embed-core-9.0.60.jar:9.0.60]
	at org.apache.catalina.core.ApplicationFilterChain.doFilter(ApplicationFilterChain.java:162) ~[tomcat-embed-core-9.0.60.jar:9.0.60]
	at org.springframework.web.filter.FormContentFilter.doFilterInternal(FormContentFilter.java:93) ~[spring-web-5.3.17.jar:5.3.17]
	at org.springframework.web.filter.OncePerRequestFilter.doFilter(OncePerRequestFilter.java:117) ~[spring-web-5.3.17.jar:5.3.17]
	at org.apache.catalina.core.ApplicationFilterChain.internalDoFilter(ApplicationFilterChain.java:189) ~[tomcat-embed-core-9.0.60.jar:9.0.60]
	at org.apache.catalina.core.ApplicationFilterChain.doFilter(ApplicationFilterChain.java:162) ~[tomcat-embed-core-9.0.60.jar:9.0.60]
	at org.springframework.web.filter.CharacterEncodingFilter.doFilterInternal(CharacterEncodingFilter.java:201) ~[spring-web-5.3.17.jar:5.3.17]
	at org.springframework.web.filter.OncePerRequestFilter.doFilter(OncePerRequestFilter.java:117) ~[spring-web-5.3.17.jar:5.3.17]
	at org.apache.catalina.core.ApplicationFilterChain.internalDoFilter(ApplicationFilterChain.java:189) ~[tomcat-embed-core-9.0.60.jar:9.0.60]
	at org.apache.catalina.core.ApplicationFilterChain.doFilter(ApplicationFilterChain.java:162) ~[tomcat-embed-core-9.0.60.jar:9.0.60]
	at org.apache.catalina.core.StandardWrapperValve.invoke(StandardWrapperValve.java:197) ~[tomcat-embed-core-9.0.60.jar:9.0.60]
	at org.apache.catalina.core.StandardContextValve.invoke(StandardContextValve.java:97) ~[tomcat-embed-core-9.0.60.jar:9.0.60]
	at org.apache.catalina.authenticator.AuthenticatorBase.invoke(AuthenticatorBase.java:541) ~[tomcat-embed-core-9.0.60.jar:9.0.60]
	at org.apache.catalina.core.StandardHostValve.invoke(StandardHostValve.java:135) ~[tomcat-embed-core-9.0.60.jar:9.0.60]
	at org.apache.catalina.valves.ErrorReportValve.invoke(ErrorReportValve.java:92) ~[tomcat-embed-core-9.0.60.jar:9.0.60]
	at org.apache.catalina.core.StandardEngineValve.invoke(StandardEngineValve.java:78) ~[tomcat-embed-core-9.0.60.jar:9.0.60]
	at org.apache.catalina.connector.CoyoteAdapter.service(CoyoteAdapter.java:360) ~[tomcat-embed-core-9.0.60.jar:9.0.60]
	at org.apache.coyote.http11.Http11Processor.service(Http11Processor.java:399) ~[tomcat-embed-core-9.0.60.jar:9.0.60]
	at org.apache.coyote.AbstractProcessorLight.process(AbstractProcessorLight.java:65) ~[tomcat-embed-core-9.0.60.jar:9.0.60]
	at org.apache.coyote.AbstractProtocol$ConnectionHandler.process(AbstractProtocol.java:889) ~[tomcat-embed-core-9.0.60.jar:9.0.60]
	at org.apache.tomcat.util.net.NioEndpoint$SocketProcessor.doRun(NioEndpoint.java:1743) ~[tomcat-embed-core-9.0.60.jar:9.0.60]
	at org.apache.tomcat.util.net.SocketProcessorBase.run(SocketProcessorBase.java:49) ~[tomcat-embed-core-9.0.60.jar:9.0.60]
	at org.apache.tomcat.util.threads.ThreadPoolExecutor.runWorker(ThreadPoolExecutor.java:1191) ~[tomcat-embed-core-9.0.60.jar:9.0.60]
	at org.apache.tomcat.util.threads.ThreadPoolExecutor$Worker.run(ThreadPoolExecutor.java:659) ~[tomcat-embed-core-9.0.60.jar:9.0.60]
	at org.apache.tomcat.util.threads.TaskThread$WrappingRunnable.run(TaskThread.java:61) ~[tomcat-embed-core-9.0.60.jar:9.0.60]
	at java.base/java.lang.Thread.run(Thread.java:834) ~[na:na]

2022-04-05 22:36:41.291  INFO 21128 --- [main] p.s.s.SecondCourseWorkApplication        : Starting SecondCourseWorkApplication using Java 11.0.1 on MacBook-Pro-Olga.local with PID 21128 (/Users/olgapyshkina/IdeaProjects/second-course-work/target/classes started by olgapyshkina in /Users/olgapyshkina/IdeaProjects/second-course-work)
2022-04-05 22:36:41.296  INFO 21128 --- [main] p.s.s.SecondCourseWorkApplication        : No active profile set, falling back to 1 default profile: "default"
2022-04-05 22:36:42.601  INFO 21128 --- [main] o.s.b.w.embedded.tomcat.TomcatWebServer  : Tomcat initialized with port(s): 8080 (http)
2022-04-05 22:36:42.615  INFO 21128 --- [main] o.apache.catalina.core.StandardService   : Starting service [Tomcat]
2022-04-05 22:36:42.616  INFO 21128 --- [main] org.apache.catalina.core.StandardEngine  : Starting Servlet engine: [Apache Tomcat/9.0.60]
2022-04-05 22:36:42.742  INFO 21128 --- [main] o.a.c.c.C.[Tomcat].[localhost].[/exam]   : Initializing Spring embedded WebApplicationContext
2022-04-05 22:36:42.743  INFO 21128 --- [main] w.s.c.ServletWebServerApplicationContext : Root WebApplicationContext: initialization completed in 1389 ms
2022-04-05 22:36:43.266  INFO 21128 --- [main] o.s.b.w.embedded.tomcat.TomcatWebServer  : Tomcat started on port(s): 8080 (http) with context path '/exam'
2022-04-05 22:36:43.279  INFO 21128 --- [main] p.s.s.SecondCourseWorkApplication        : Started SecondCourseWorkApplication in 2.574 seconds (JVM running for 3.384)
2022-04-05 22:36:45.352  INFO 21128 --- [http-nio-8080-exec-1] o.a.c.c.C.[Tomcat].[localhost].[/exam]   : Initializing Spring DispatcherServlet 'dispatcherServlet'
2022-04-05 22:36:45.353  INFO 21128 --- [http-nio-8080-exec-1] o.s.web.servlet.DispatcherServlet        : Initializing Servlet 'dispatcherServlet'
2022-04-05 22:36:45.354  INFO 21128 --- [http-nio-8080-exec-1] o.s.web.servlet.DispatcherServlet        : Completed initialization in 1 ms
2022-04-05 22:36:45.382  INFO 21128 --- [http-nio-8080-exec-1] p.s.s.service.JavaQuestionService        : Generating list of all subjects questions...
2022-04-05 22:36:45.394 ERROR 21128 --- [http-nio-8080-exec-1] o.a.c.c.C.[.[.[.[dispatcherServlet]      : Servlet.service() for servlet [dispatcherServlet] in context with path [/exam] threw exception [Request processing failed; nested exception is java.lang.IndexOutOfBoundsException: Index 2 out of bounds for length 2] with root cause

java.lang.IndexOutOfBoundsException: Index 2 out of bounds for length 2
	at java.base/jdk.internal.util.Preconditions.outOfBounds(Preconditions.java:64) ~[na:na]
	at java.base/jdk.internal.util.Preconditions.outOfBoundsCheckIndex(Preconditions.java:70) ~[na:na]
	at java.base/jdk.internal.util.Preconditions.checkIndex(Preconditions.java:248) ~[na:na]
	at java.base/java.util.Objects.checkIndex(Objects.java:372) ~[na:na]
	at java.base/java.util.ArrayList.get(ArrayList.java:458) ~[na:na]
	at pro.sky.secondcoursework.service.ExaminerServiceImpl.getQuestions(ExaminerServiceImpl.java:28) ~[classes/:na]
	at pro.sky.secondcoursework.controller.ExamController.getQuestions(ExamController.java:22) ~[classes/:na]
	at java.base/jdk.internal.reflect.NativeMethodAccessorImpl.invoke0(Native Method) ~[na:na]
	at java.base/jdk.internal.reflect.NativeMethodAccessorImpl.invoke(NativeMethodAccessorImpl.java:62) ~[na:na]
	at java.base/jdk.internal.reflect.DelegatingMethodAccessorImpl.invoke(DelegatingMethodAccessorImpl.java:43) ~[na:na]
	at java.base/java.lang.reflect.Method.invoke(Method.java:566) ~[na:na]
	at org.springframework.web.method.support.InvocableHandlerMethod.doInvoke(InvocableHandlerMethod.java:205) ~[spring-web-5.3.17.jar:5.3.17]
	at org.springframework.web.method.support.InvocableHandlerMethod.invokeForRequest(InvocableHandlerMethod.java:150) ~[spring-web-5.3.17.jar:5.3.17]
	at org.springframework.web.servlet.mvc.method.annotation.ServletInvocableHandlerMethod.invokeAndHandle(ServletInvocableHandlerMethod.java:117) ~[spring-webmvc-5.3.17.jar:5.3.17]
	at org.springframework.web.servlet.mvc.method.annotation.RequestMappingHandlerAdapter.invokeHandlerMethod(RequestMappingHandlerAdapter.java:895) ~[spring-webmvc-5.3.17.jar:5.3.17]
	at org.springframework.web.servlet.mvc.method.annotation.RequestMappingHandlerAdapter.handleInternal(RequestMappingHandlerAdapter.java:808) ~[spring-webmvc-5.3.17.jar:5.3.17]
	at org.springframework.web.servlet.mvc.method.AbstractHandlerMethodAdapter.handle(AbstractHandlerMethodAdapter.java:87) ~[spring-webmvc-5.3.17.jar:5.3.17]
	at org.springframework.web.servlet.DispatcherServlet.doDispatch(DispatcherServlet.java:1067) ~[spring-webmvc-5.3.17.jar:5.3.17]
	at org.springframework.web.servlet.DispatcherServlet.doService(DispatcherServlet.java:963) ~[spring-webmvc-5.3.17.jar:5.3.17]
	at org.springframework.web.servlet.FrameworkServlet.processRequest(FrameworkServlet.java:1006) ~[spring-webmvc-5.3.17.jar:5.3.17]
	at org.springframework.web.servlet.FrameworkServlet.doGet(FrameworkServlet.java:898) ~[spring-webmvc-5.3.17.jar:5.3.17]
	at javax.servlet.http.HttpServlet.service(HttpServlet.java:655) ~[tomcat-embed-core-9.0.60.jar:4.0.FR]
	at org.springframework.web.servlet.FrameworkServlet.service(FrameworkServlet.java:883) ~[spring-webmvc-5.3.17.jar:5.3.17]
	at javax.servlet.http.HttpServlet.service(HttpServlet.java:764) ~[tomcat-embed-core-9.0.60.jar:4.0.FR]
	at org.apache.catalina.core.ApplicationFilterChain.internalDoFilter(ApplicationFilterChain.java:227) ~[tomcat-embed-core-9.0.60.jar:9.0.60]
	at org.apache.catalina.core.ApplicationFilterChain.doFilter(ApplicationFilterChain.java:162) ~[tomcat-embed-core-9.0.60.jar:9.0.60]
	at org.apache.tomcat.websocket.server.WsFilter.doFilter(WsFilter.java:53) ~[tomcat-embed-websocket-9.0.60.jar:9.0.60]
	at org.apache.catalina.core.ApplicationFilterChain.internalDoFilter(ApplicationFilterChain.java:189) ~[tomcat-embed-core-9.0.60.jar:9.0.60]
	at org.apache.catalina.core.ApplicationFilterChain.doFilter(ApplicationFilterChain.java:162) ~[tomcat-embed-core-9.0.60.jar:9.0.60]
	at org.springframework.web.filter.RequestContextFilter.doFilterInternal(RequestContextFilter.java:100) ~[spring-web-5.3.17.jar:5.3.17]
	at org.springframework.web.filter.OncePerRequestFilter.doFilter(OncePerRequestFilter.java:117) ~[spring-web-5.3.17.jar:5.3.17]
	at org.apache.catalina.core.ApplicationFilterChain.internalDoFilter(ApplicationFilterChain.java:189) ~[tomcat-embed-core-9.0.60.jar:9.0.60]
	at org.apache.catalina.core.ApplicationFilterChain.doFilter(ApplicationFilterChain.java:162) ~[tomcat-embed-core-9.0.60.jar:9.0.60]
	at org.springframework.web.filter.FormContentFilter.doFilterInternal(FormContentFilter.java:93) ~[spring-web-5.3.17.jar:5.3.17]
	at org.springframework.web.filter.OncePerRequestFilter.doFilter(OncePerRequestFilter.java:117) ~[spring-web-5.3.17.jar:5.3.17]
	at org.apache.catalina.core.ApplicationFilterChain.internalDoFilter(ApplicationFilterChain.java:189) ~[tomcat-embed-core-9.0.60.jar:9.0.60]
	at org.apache.catalina.core.ApplicationFilterChain.doFilter(ApplicationFilterChain.java:162) ~[tomcat-embed-core-9.0.60.jar:9.0.60]
	at org.springframework.web.filter.CharacterEncodingFilter.doFilterInternal(CharacterEncodingFilter.java:201) ~[spring-web-5.3.17.jar:5.3.17]
	at org.springframework.web.filter.OncePerRequestFilter.doFilter(OncePerRequestFilter.java:117) ~[spring-web-5.3.17.jar:5.3.17]
	at org.apache.catalina.core.ApplicationFilterChain.internalDoFilter(ApplicationFilterChain.java:189) ~[tomcat-embed-core-9.0.60.jar:9.0.60]
	at org.apache.catalina.core.ApplicationFilterChain.doFilter(ApplicationFilterChain.java:162) ~[tomcat-embed-core-9.0.60.jar:9.0.60]
	at org.apache.catalina.core.StandardWrapperValve.invoke(StandardWrapperValve.java:197) ~[tomcat-embed-core-9.0.60.jar:9.0.60]
	at org.apache.catalina.core.StandardContextValve.invoke(StandardContextValve.java:97) ~[tomcat-embed-core-9.0.60.jar:9.0.60]
	at org.apache.catalina.authenticator.AuthenticatorBase.invoke(AuthenticatorBase.java:541) ~[tomcat-embed-core-9.0.60.jar:9.0.60]
	at org.apache.catalina.core.StandardHostValve.invoke(StandardHostValve.java:135) ~[tomcat-embed-core-9.0.60.jar:9.0.60]
	at org.apache.catalina.valves.ErrorReportValve.invoke(ErrorReportValve.java:92) ~[tomcat-embed-core-9.0.60.jar:9.0.60]
	at org.apache.catalina.core.StandardEngineValve.invoke(StandardEngineValve.java:78) ~[tomcat-embed-core-9.0.60.jar:9.0.60]
	at org.apache.catalina.connector.CoyoteAdapter.service(CoyoteAdapter.java:360) ~[tomcat-embed-core-9.0.60.jar:9.0.60]
	at org.apache.coyote.http11.Http11Processor.service(Http11Processor.java:399) ~[tomcat-embed-core-9.0.60.jar:9.0.60]
	at org.apache.coyote.AbstractProcessorLight.process(AbstractProcessorLight.java:65) ~[tomcat-embed-core-9.0.60.jar:9.0.60]
	at org.apache.coyote.AbstractProtocol$ConnectionHandler.process(AbstractProtocol.java:889) ~[tomcat-embed-core-9.0.60.jar:9.0.60]
	at org.apache.tomcat.util.net.NioEndpoint$SocketProcessor.doRun(NioEndpoint.java:1743) ~[tomcat-embed-core-9.0.60.jar:9.0.60]
	at org.apache.tomcat.util.net.SocketProcessorBase.run(SocketProcessorBase.java:49) ~[tomcat-embed-core-9.0.60.jar:9.0.60]
	at org.apache.tomcat.util.threads.ThreadPoolExecutor.runWorker(ThreadPoolExecutor.java:1191) ~[tomcat-embed-core-9.0.60.jar:9.0.60]
	at org.apache.tomcat.util.threads.ThreadPoolExecutor$Worker.run(ThreadPoolExecutor.java:659) ~[tomcat-embed-core-9.0.60.jar:9.0.60]
	at org.apache.tomcat.util.threads.TaskThread$WrappingRunnable.run(TaskThread.java:61) ~[tomcat-embed-core-9.0.60.jar:9.0.60]
	at java.base/java.lang.Thread.run(Thread.java:834) ~[na:na]

2022-04-05 22:36:46.973  INFO 21128 --- [http-nio-8080-exec-2] p.s.s.service.JavaQuestionService        : Generating list of all subjects questions...
2022-04-05 22:36:46.975 ERROR 21128 --- [http-nio-8080-exec-2] o.a.c.c.C.[.[.[.[dispatcherServlet]      : Servlet.service() for servlet [dispatcherServlet] in context with path [/exam] threw exception [Request processing failed; nested exception is java.lang.IndexOutOfBoundsException: Index 2 out of bounds for length 2] with root cause

java.lang.IndexOutOfBoundsException: Index 2 out of bounds for length 2
	at java.base/jdk.internal.util.Preconditions.outOfBounds(Preconditions.java:64) ~[na:na]
	at java.base/jdk.internal.util.Preconditions.outOfBoundsCheckIndex(Preconditions.java:70) ~[na:na]
	at java.base/jdk.internal.util.Preconditions.checkIndex(Preconditions.java:248) ~[na:na]
	at java.base/java.util.Objects.checkIndex(Objects.java:372) ~[na:na]
	at java.base/java.util.ArrayList.get(ArrayList.java:458) ~[na:na]
	at pro.sky.secondcoursework.service.ExaminerServiceImpl.getQuestions(ExaminerServiceImpl.java:28) ~[classes/:na]
	at pro.sky.secondcoursework.controller.ExamController.getQuestions(ExamController.java:22) ~[classes/:na]
	at java.base/jdk.internal.reflect.NativeMethodAccessorImpl.invoke0(Native Method) ~[na:na]
	at java.base/jdk.internal.reflect.NativeMethodAccessorImpl.invoke(NativeMethodAccessorImpl.java:62) ~[na:na]
	at java.base/jdk.internal.reflect.DelegatingMethodAccessorImpl.invoke(DelegatingMethodAccessorImpl.java:43) ~[na:na]
	at java.base/java.lang.reflect.Method.invoke(Method.java:566) ~[na:na]
	at org.springframework.web.method.support.InvocableHandlerMethod.doInvoke(InvocableHandlerMethod.java:205) ~[spring-web-5.3.17.jar:5.3.17]
	at org.springframework.web.method.support.InvocableHandlerMethod.invokeForRequest(InvocableHandlerMethod.java:150) ~[spring-web-5.3.17.jar:5.3.17]
	at org.springframework.web.servlet.mvc.method.annotation.ServletInvocableHandlerMethod.invokeAndHandle(ServletInvocableHandlerMethod.java:117) ~[spring-webmvc-5.3.17.jar:5.3.17]
	at org.springframework.web.servlet.mvc.method.annotation.RequestMappingHandlerAdapter.invokeHandlerMethod(RequestMappingHandlerAdapter.java:895) ~[spring-webmvc-5.3.17.jar:5.3.17]
	at org.springframework.web.servlet.mvc.method.annotation.RequestMappingHandlerAdapter.handleInternal(RequestMappingHandlerAdapter.java:808) ~[spring-webmvc-5.3.17.jar:5.3.17]
	at org.springframework.web.servlet.mvc.method.AbstractHandlerMethodAdapter.handle(AbstractHandlerMethodAdapter.java:87) ~[spring-webmvc-5.3.17.jar:5.3.17]
	at org.springframework.web.servlet.DispatcherServlet.doDispatch(DispatcherServlet.java:1067) ~[spring-webmvc-5.3.17.jar:5.3.17]
	at org.springframework.web.servlet.DispatcherServlet.doService(DispatcherServlet.java:963) ~[spring-webmvc-5.3.17.jar:5.3.17]
	at org.springframework.web.servlet.FrameworkServlet.processRequest(FrameworkServlet.java:1006) ~[spring-webmvc-5.3.17.jar:5.3.17]
	at org.springframework.web.servlet.FrameworkServlet.doGet(FrameworkServlet.java:898) ~[spring-webmvc-5.3.17.jar:5.3.17]
	at javax.servlet.http.HttpServlet.service(HttpServlet.java:655) ~[tomcat-embed-core-9.0.60.jar:4.0.FR]
	at org.springframework.web.servlet.FrameworkServlet.service(FrameworkServlet.java:883) ~[spring-webmvc-5.3.17.jar:5.3.17]
	at javax.servlet.http.HttpServlet.service(HttpServlet.java:764) ~[tomcat-embed-core-9.0.60.jar:4.0.FR]
	at org.apache.catalina.core.ApplicationFilterChain.internalDoFilter(ApplicationFilterChain.java:227) ~[tomcat-embed-core-9.0.60.jar:9.0.60]
	at org.apache.catalina.core.ApplicationFilterChain.doFilter(ApplicationFilterChain.java:162) ~[tomcat-embed-core-9.0.60.jar:9.0.60]
	at org.apache.tomcat.websocket.server.WsFilter.doFilter(WsFilter.java:53) ~[tomcat-embed-websocket-9.0.60.jar:9.0.60]
	at org.apache.catalina.core.ApplicationFilterChain.internalDoFilter(ApplicationFilterChain.java:189) ~[tomcat-embed-core-9.0.60.jar:9.0.60]
	at org.apache.catalina.core.ApplicationFilterChain.doFilter(ApplicationFilterChain.java:162) ~[tomcat-embed-core-9.0.60.jar:9.0.60]
	at org.springframework.web.filter.RequestContextFilter.doFilterInternal(RequestContextFilter.java:100) ~[spring-web-5.3.17.jar:5.3.17]
	at org.springframework.web.filter.OncePerRequestFilter.doFilter(OncePerRequestFilter.java:117) ~[spring-web-5.3.17.jar:5.3.17]
	at org.apache.catalina.core.ApplicationFilterChain.internalDoFilter(ApplicationFilterChain.java:189) ~[tomcat-embed-core-9.0.60.jar:9.0.60]
	at org.apache.catalina.core.ApplicationFilterChain.doFilter(ApplicationFilterChain.java:162) ~[tomcat-embed-core-9.0.60.jar:9.0.60]
	at org.springframework.web.filter.FormContentFilter.doFilterInternal(FormContentFilter.java:93) ~[spring-web-5.3.17.jar:5.3.17]
	at org.springframework.web.filter.OncePerRequestFilter.doFilter(OncePerRequestFilter.java:117) ~[spring-web-5.3.17.jar:5.3.17]
	at org.apache.catalina.core.ApplicationFilterChain.internalDoFilter(ApplicationFilterChain.java:189) ~[tomcat-embed-core-9.0.60.jar:9.0.60]
	at org.apache.catalina.core.ApplicationFilterChain.doFilter(ApplicationFilterChain.java:162) ~[tomcat-embed-core-9.0.60.jar:9.0.60]
	at org.springframework.web.filter.CharacterEncodingFilter.doFilterInternal(CharacterEncodingFilter.java:201) ~[spring-web-5.3.17.jar:5.3.17]
	at org.springframework.web.filter.OncePerRequestFilter.doFilter(OncePerRequestFilter.java:117) ~[spring-web-5.3.17.jar:5.3.17]
	at org.apache.catalina.core.ApplicationFilterChain.internalDoFilter(ApplicationFilterChain.java:189) ~[tomcat-embed-core-9.0.60.jar:9.0.60]
	at org.apache.catalina.core.ApplicationFilterChain.doFilter(ApplicationFilterChain.java:162) ~[tomcat-embed-core-9.0.60.jar:9.0.60]
	at org.apache.catalina.core.StandardWrapperValve.invoke(StandardWrapperValve.java:197) ~[tomcat-embed-core-9.0.60.jar:9.0.60]
	at org.apache.catalina.core.StandardContextValve.invoke(StandardContextValve.java:97) ~[tomcat-embed-core-9.0.60.jar:9.0.60]
	at org.apache.catalina.authenticator.AuthenticatorBase.invoke(AuthenticatorBase.java:541) ~[tomcat-embed-core-9.0.60.jar:9.0.60]
	at org.apache.catalina.core.StandardHostValve.invoke(StandardHostValve.java:135) ~[tomcat-embed-core-9.0.60.jar:9.0.60]
	at org.apache.catalina.valves.ErrorReportValve.invoke(ErrorReportValve.java:92) ~[tomcat-embed-core-9.0.60.jar:9.0.60]
	at org.apache.catalina.core.StandardEngineValve.invoke(StandardEngineValve.java:78) ~[tomcat-embed-core-9.0.60.jar:9.0.60]
	at org.apache.catalina.connector.CoyoteAdapter.service(CoyoteAdapter.java:360) ~[tomcat-embed-core-9.0.60.jar:9.0.60]
	at org.apache.coyote.http11.Http11Processor.service(Http11Processor.java:399) ~[tomcat-embed-core-9.0.60.jar:9.0.60]
	at org.apache.coyote.AbstractProcessorLight.process(AbstractProcessorLight.java:65) ~[tomcat-embed-core-9.0.60.jar:9.0.60]
	at org.apache.coyote.AbstractProtocol$ConnectionHandler.process(AbstractProtocol.java:889) ~[tomcat-embed-core-9.0.60.jar:9.0.60]
	at org.apache.tomcat.util.net.NioEndpoint$SocketProcessor.doRun(NioEndpoint.java:1743) ~[tomcat-embed-core-9.0.60.jar:9.0.60]
	at org.apache.tomcat.util.net.SocketProcessorBase.run(SocketProcessorBase.java:49) ~[tomcat-embed-core-9.0.60.jar:9.0.60]
	at org.apache.tomcat.util.threads.ThreadPoolExecutor.runWorker(ThreadPoolExecutor.java:1191) ~[tomcat-embed-core-9.0.60.jar:9.0.60]
	at org.apache.tomcat.util.threads.ThreadPoolExecutor$Worker.run(ThreadPoolExecutor.java:659) ~[tomcat-embed-core-9.0.60.jar:9.0.60]
	at org.apache.tomcat.util.threads.TaskThread$WrappingRunnable.run(TaskThread.java:61) ~[tomcat-embed-core-9.0.60.jar:9.0.60]
	at java.base/java.lang.Thread.run(Thread.java:834) ~[na:na]

2022-04-05 22:36:50.691  INFO 21128 --- [http-nio-8080-exec-3] p.s.s.service.JavaQuestionService        : Generating list of all subjects questions...
2022-04-05 22:36:50.693 ERROR 21128 --- [http-nio-8080-exec-3] o.a.c.c.C.[.[.[.[dispatcherServlet]      : Servlet.service() for servlet [dispatcherServlet] in context with path [/exam] threw exception [Request processing failed; nested exception is java.lang.IndexOutOfBoundsException: Index 2 out of bounds for length 2] with root cause

java.lang.IndexOutOfBoundsException: Index 2 out of bounds for length 2
	at java.base/jdk.internal.util.Preconditions.outOfBounds(Preconditions.java:64) ~[na:na]
	at java.base/jdk.internal.util.Preconditions.outOfBoundsCheckIndex(Preconditions.java:70) ~[na:na]
	at java.base/jdk.internal.util.Preconditions.checkIndex(Preconditions.java:248) ~[na:na]
	at java.base/java.util.Objects.checkIndex(Objects.java:372) ~[na:na]
	at java.base/java.util.ArrayList.get(ArrayList.java:458) ~[na:na]
	at pro.sky.secondcoursework.service.ExaminerServiceImpl.getQuestions(ExaminerServiceImpl.java:28) ~[classes/:na]
	at pro.sky.secondcoursework.controller.ExamController.getQuestions(ExamController.java:22) ~[classes/:na]
	at java.base/jdk.internal.reflect.NativeMethodAccessorImpl.invoke0(Native Method) ~[na:na]
	at java.base/jdk.internal.reflect.NativeMethodAccessorImpl.invoke(NativeMethodAccessorImpl.java:62) ~[na:na]
	at java.base/jdk.internal.reflect.DelegatingMethodAccessorImpl.invoke(DelegatingMethodAccessorImpl.java:43) ~[na:na]
	at java.base/java.lang.reflect.Method.invoke(Method.java:566) ~[na:na]
	at org.springframework.web.method.support.InvocableHandlerMethod.doInvoke(InvocableHandlerMethod.java:205) ~[spring-web-5.3.17.jar:5.3.17]
	at org.springframework.web.method.support.InvocableHandlerMethod.invokeForRequest(InvocableHandlerMethod.java:150) ~[spring-web-5.3.17.jar:5.3.17]
	at org.springframework.web.servlet.mvc.method.annotation.ServletInvocableHandlerMethod.invokeAndHandle(ServletInvocableHandlerMethod.java:117) ~[spring-webmvc-5.3.17.jar:5.3.17]
	at org.springframework.web.servlet.mvc.method.annotation.RequestMappingHandlerAdapter.invokeHandlerMethod(RequestMappingHandlerAdapter.java:895) ~[spring-webmvc-5.3.17.jar:5.3.17]
	at org.springframework.web.servlet.mvc.method.annotation.RequestMappingHandlerAdapter.handleInternal(RequestMappingHandlerAdapter.java:808) ~[spring-webmvc-5.3.17.jar:5.3.17]
	at org.springframework.web.servlet.mvc.method.AbstractHandlerMethodAdapter.handle(AbstractHandlerMethodAdapter.java:87) ~[spring-webmvc-5.3.17.jar:5.3.17]
	at org.springframework.web.servlet.DispatcherServlet.doDispatch(DispatcherServlet.java:1067) ~[spring-webmvc-5.3.17.jar:5.3.17]
	at org.springframework.web.servlet.DispatcherServlet.doService(DispatcherServlet.java:963) ~[spring-webmvc-5.3.17.jar:5.3.17]
	at org.springframework.web.servlet.FrameworkServlet.processRequest(FrameworkServlet.java:1006) ~[spring-webmvc-5.3.17.jar:5.3.17]
	at org.springframework.web.servlet.FrameworkServlet.doGet(FrameworkServlet.java:898) ~[spring-webmvc-5.3.17.jar:5.3.17]
	at javax.servlet.http.HttpServlet.service(HttpServlet.java:655) ~[tomcat-embed-core-9.0.60.jar:4.0.FR]
	at org.springframework.web.servlet.FrameworkServlet.service(FrameworkServlet.java:883) ~[spring-webmvc-5.3.17.jar:5.3.17]
	at javax.servlet.http.HttpServlet.service(HttpServlet.java:764) ~[tomcat-embed-core-9.0.60.jar:4.0.FR]
	at org.apache.catalina.core.ApplicationFilterChain.internalDoFilter(ApplicationFilterChain.java:227) ~[tomcat-embed-core-9.0.60.jar:9.0.60]
	at org.apache.catalina.core.ApplicationFilterChain.doFilter(ApplicationFilterChain.java:162) ~[tomcat-embed-core-9.0.60.jar:9.0.60]
	at org.apache.tomcat.websocket.server.WsFilter.doFilter(WsFilter.java:53) ~[tomcat-embed-websocket-9.0.60.jar:9.0.60]
	at org.apache.catalina.core.ApplicationFilterChain.internalDoFilter(ApplicationFilterChain.java:189) ~[tomcat-embed-core-9.0.60.jar:9.0.60]
	at org.apache.catalina.core.ApplicationFilterChain.doFilter(ApplicationFilterChain.java:162) ~[tomcat-embed-core-9.0.60.jar:9.0.60]
	at org.springframework.web.filter.RequestContextFilter.doFilterInternal(RequestContextFilter.java:100) ~[spring-web-5.3.17.jar:5.3.17]
	at org.springframework.web.filter.OncePerRequestFilter.doFilter(OncePerRequestFilter.java:117) ~[spring-web-5.3.17.jar:5.3.17]
	at org.apache.catalina.core.ApplicationFilterChain.internalDoFilter(ApplicationFilterChain.java:189) ~[tomcat-embed-core-9.0.60.jar:9.0.60]
	at org.apache.catalina.core.ApplicationFilterChain.doFilter(ApplicationFilterChain.java:162) ~[tomcat-embed-core-9.0.60.jar:9.0.60]
	at org.springframework.web.filter.FormContentFilter.doFilterInternal(FormContentFilter.java:93) ~[spring-web-5.3.17.jar:5.3.17]
	at org.springframework.web.filter.OncePerRequestFilter.doFilter(OncePerRequestFilter.java:117) ~[spring-web-5.3.17.jar:5.3.17]
	at org.apache.catalina.core.ApplicationFilterChain.internalDoFilter(ApplicationFilterChain.java:189) ~[tomcat-embed-core-9.0.60.jar:9.0.60]
	at org.apache.catalina.core.ApplicationFilterChain.doFilter(ApplicationFilterChain.java:162) ~[tomcat-embed-core-9.0.60.jar:9.0.60]
	at org.springframework.web.filter.CharacterEncodingFilter.doFilterInternal(CharacterEncodingFilter.java:201) ~[spring-web-5.3.17.jar:5.3.17]
	at org.springframework.web.filter.OncePerRequestFilter.doFilter(OncePerRequestFilter.java:117) ~[spring-web-5.3.17.jar:5.3.17]
	at org.apache.catalina.core.ApplicationFilterChain.internalDoFilter(ApplicationFilterChain.java:189) ~[tomcat-embed-core-9.0.60.jar:9.0.60]
	at org.apache.catalina.core.ApplicationFilterChain.doFilter(ApplicationFilterChain.java:162) ~[tomcat-embed-core-9.0.60.jar:9.0.60]
	at org.apache.catalina.core.StandardWrapperValve.invoke(StandardWrapperValve.java:197) ~[tomcat-embed-core-9.0.60.jar:9.0.60]
	at org.apache.catalina.core.StandardContextValve.invoke(StandardContextValve.java:97) ~[tomcat-embed-core-9.0.60.jar:9.0.60]
	at org.apache.catalina.authenticator.AuthenticatorBase.invoke(AuthenticatorBase.java:541) ~[tomcat-embed-core-9.0.60.jar:9.0.60]
	at org.apache.catalina.core.StandardHostValve.invoke(StandardHostValve.java:135) ~[tomcat-embed-core-9.0.60.jar:9.0.60]
	at org.apache.catalina.valves.ErrorReportValve.invoke(ErrorReportValve.java:92) ~[tomcat-embed-core-9.0.60.jar:9.0.60]
	at org.apache.catalina.core.StandardEngineValve.invoke(StandardEngineValve.java:78) ~[tomcat-embed-core-9.0.60.jar:9.0.60]
	at org.apache.catalina.connector.CoyoteAdapter.service(CoyoteAdapter.java:360) ~[tomcat-embed-core-9.0.60.jar:9.0.60]
	at org.apache.coyote.http11.Http11Processor.service(Http11Processor.java:399) ~[tomcat-embed-core-9.0.60.jar:9.0.60]
	at org.apache.coyote.AbstractProcessorLight.process(AbstractProcessorLight.java:65) ~[tomcat-embed-core-9.0.60.jar:9.0.60]
	at org.apache.coyote.AbstractProtocol$ConnectionHandler.process(AbstractProtocol.java:889) ~[tomcat-embed-core-9.0.60.jar:9.0.60]
	at org.apache.tomcat.util.net.NioEndpoint$SocketProcessor.doRun(NioEndpoint.java:1743) ~[tomcat-embed-core-9.0.60.jar:9.0.60]
	at org.apache.tomcat.util.net.SocketProcessorBase.run(SocketProcessorBase.java:49) ~[tomcat-embed-core-9.0.60.jar:9.0.60]
	at org.apache.tomcat.util.threads.ThreadPoolExecutor.runWorker(ThreadPoolExecutor.java:1191) ~[tomcat-embed-core-9.0.60.jar:9.0.60]
	at org.apache.tomcat.util.threads.ThreadPoolExecutor$Worker.run(ThreadPoolExecutor.java:659) ~[tomcat-embed-core-9.0.60.jar:9.0.60]
	at org.apache.tomcat.util.threads.TaskThread$WrappingRunnable.run(TaskThread.java:61) ~[tomcat-embed-core-9.0.60.jar:9.0.60]
	at java.base/java.lang.Thread.run(Thread.java:834) ~[na:na]

2022-04-05 22:37:26.036  INFO 21137 --- [main] p.s.s.SecondCourseWorkApplication        : Starting SecondCourseWorkApplication using Java 11.0.1 on MacBook-Pro-Olga.local with PID 21137 (/Users/olgapyshkina/IdeaProjects/second-course-work/target/classes started by olgapyshkina in /Users/olgapyshkina/IdeaProjects/second-course-work)
2022-04-05 22:37:26.039  INFO 21137 --- [main] p.s.s.SecondCourseWorkApplication        : No active profile set, falling back to 1 default profile: "default"
2022-04-05 22:37:27.210  INFO 21137 --- [main] o.s.b.w.embedded.tomcat.TomcatWebServer  : Tomcat initialized with port(s): 8080 (http)
2022-04-05 22:37:27.224  INFO 21137 --- [main] o.apache.catalina.core.StandardService   : Starting service [Tomcat]
2022-04-05 22:37:27.224  INFO 21137 --- [main] org.apache.catalina.core.StandardEngine  : Starting Servlet engine: [Apache Tomcat/9.0.60]
2022-04-05 22:37:27.315  INFO 21137 --- [main] o.a.c.c.C.[Tomcat].[localhost].[/exam]   : Initializing Spring embedded WebApplicationContext
2022-04-05 22:37:27.315  INFO 21137 --- [main] w.s.c.ServletWebServerApplicationContext : Root WebApplicationContext: initialization completed in 1207 ms
2022-04-05 22:37:27.709  INFO 21137 --- [main] o.s.b.w.embedded.tomcat.TomcatWebServer  : Tomcat started on port(s): 8080 (http) with context path '/exam'
2022-04-05 22:37:27.719  INFO 21137 --- [main] p.s.s.SecondCourseWorkApplication        : Started SecondCourseWorkApplication in 2.385 seconds (JVM running for 3.155)
2022-04-05 22:37:30.475  INFO 21137 --- [http-nio-8080-exec-1] o.a.c.c.C.[Tomcat].[localhost].[/exam]   : Initializing Spring DispatcherServlet 'dispatcherServlet'
2022-04-05 22:37:30.475  INFO 21137 --- [http-nio-8080-exec-1] o.s.web.servlet.DispatcherServlet        : Initializing Servlet 'dispatcherServlet'
2022-04-05 22:37:30.477  INFO 21137 --- [http-nio-8080-exec-1] o.s.web.servlet.DispatcherServlet        : Completed initialization in 2 ms
2022-04-05 22:37:30.506  INFO 21137 --- [http-nio-8080-exec-1] p.s.s.service.JavaQuestionService        : Generating list of all subjects questions...
2022-04-05 22:37:30.506  INFO 21137 --- [http-nio-8080-exec-1] p.s.s.service.JavaQuestionService        : Generating math question.
2022-04-05 22:37:30.508  INFO 21137 --- [http-nio-8080-exec-1] p.s.s.service.JavaQuestionService        : Math question was generated: 85+87 Answer: 172
2022-04-05 22:37:30.509  INFO 21137 --- [http-nio-8080-exec-1] p.s.s.service.JavaQuestionService        : Generating math question.
2022-04-05 22:37:30.509  INFO 21137 --- [http-nio-8080-exec-1] p.s.s.service.JavaQuestionService        : Math question was generated: 26+69 Answer: 95
2022-04-05 22:37:30.509  INFO 21137 --- [http-nio-8080-exec-1] p.s.s.service.JavaQuestionService        : Generating random java question...
2022-04-05 22:37:30.509  INFO 21137 --- [http-nio-8080-exec-1] p.s.s.service.JavaQuestionService        : Getting all java questions.
2022-04-05 22:37:30.509  INFO 21137 --- [http-nio-8080-exec-1] p.s.s.service.JavaQuestionService        : Random java question was gotten: What is a Spring? Answer: FrameWork
2022-04-05 22:37:30.509  INFO 21137 --- [http-nio-8080-exec-1] p.s.s.service.JavaQuestionService        : Generating random java question...
2022-04-05 22:37:30.510  INFO 21137 --- [http-nio-8080-exec-1] p.s.s.service.JavaQuestionService        : Getting all java questions.
2022-04-05 22:37:30.510  INFO 21137 --- [http-nio-8080-exec-1] p.s.s.service.JavaQuestionService        : Random java question was gotten: What is a Map? Answer: Data structure
2022-04-05 22:37:30.510  INFO 21137 --- [http-nio-8080-exec-1] p.s.s.service.JavaQuestionService        : Generating random java question...
2022-04-05 22:37:30.510  INFO 21137 --- [http-nio-8080-exec-1] p.s.s.service.JavaQuestionService        : Getting all java questions.
2022-04-05 22:37:30.510  INFO 21137 --- [http-nio-8080-exec-1] p.s.s.service.JavaQuestionService        : Random java question was gotten: What is a Spring? Answer: FrameWork
2022-04-05 22:37:30.510  INFO 21137 --- [http-nio-8080-exec-1] p.s.s.service.JavaQuestionService        : Generating random java question...
2022-04-05 22:37:30.510  INFO 21137 --- [http-nio-8080-exec-1] p.s.s.service.JavaQuestionService        : Getting all java questions.
2022-04-05 22:37:30.510  INFO 21137 --- [http-nio-8080-exec-1] p.s.s.service.JavaQuestionService        : Random java question was gotten: What is  a variable? Answer: Named memory area
2022-04-05 22:37:30.510  INFO 21137 --- [http-nio-8080-exec-1] p.s.s.service.JavaQuestionService        : List of questions was successfully generated!
2022-04-05 22:37:37.299  INFO 21137 --- [http-nio-8080-exec-2] p.s.s.service.JavaQuestionService        : Generating list of all subjects questions...
2022-04-05 22:37:37.300  INFO 21137 --- [http-nio-8080-exec-2] p.s.s.service.JavaQuestionService        : Generating random java question...
2022-04-05 22:37:37.300  INFO 21137 --- [http-nio-8080-exec-2] p.s.s.service.JavaQuestionService        : Getting all java questions.
2022-04-05 22:37:37.300  INFO 21137 --- [http-nio-8080-exec-2] p.s.s.service.JavaQuestionService        : Random java question was gotten: What is a Spring? Answer: FrameWork
2022-04-05 22:37:37.300  INFO 21137 --- [http-nio-8080-exec-2] p.s.s.service.JavaQuestionService        : Generating random java question...
2022-04-05 22:37:37.300  INFO 21137 --- [http-nio-8080-exec-2] p.s.s.service.JavaQuestionService        : Getting all java questions.
2022-04-05 22:37:37.300  INFO 21137 --- [http-nio-8080-exec-2] p.s.s.service.JavaQuestionService        : Random java question was gotten: What is a Map? Answer: Data structure
2022-04-05 22:37:37.300  INFO 21137 --- [http-nio-8080-exec-2] p.s.s.service.JavaQuestionService        : Generating random java question...
2022-04-05 22:37:37.300  INFO 21137 --- [http-nio-8080-exec-2] p.s.s.service.JavaQuestionService        : Getting all java questions.
2022-04-05 22:37:37.300  INFO 21137 --- [http-nio-8080-exec-2] p.s.s.service.JavaQuestionService        : Random java question was gotten: What is a recurse? Answer: Droch
2022-04-05 22:37:37.301  INFO 21137 --- [http-nio-8080-exec-2] p.s.s.service.JavaQuestionService        : Generating random java question...
2022-04-05 22:37:37.301  INFO 21137 --- [http-nio-8080-exec-2] p.s.s.service.JavaQuestionService        : Getting all java questions.
2022-04-05 22:37:37.302  INFO 21137 --- [http-nio-8080-exec-2] p.s.s.service.JavaQuestionService        : Random java question was gotten: What is  a variable? Answer: Named memory area
2022-04-05 22:37:37.302  INFO 21137 --- [http-nio-8080-exec-2] p.s.s.service.JavaQuestionService        : List of questions was successfully generated!
2022-04-05 22:37:44.365  INFO 21137 --- [http-nio-8080-exec-3] p.s.s.service.JavaQuestionService        : Generating list of all subjects questions...
2022-04-05 22:37:44.366  INFO 21137 --- [http-nio-8080-exec-3] p.s.s.service.JavaQuestionService        : Generating math question.
2022-04-05 22:37:44.366  INFO 21137 --- [http-nio-8080-exec-3] p.s.s.service.JavaQuestionService        : Math question was generated: 27+89 Answer: 116
2022-04-05 22:37:44.366  INFO 21137 --- [http-nio-8080-exec-3] p.s.s.service.JavaQuestionService        : Generating math question.
2022-04-05 22:37:44.366  INFO 21137 --- [http-nio-8080-exec-3] p.s.s.service.JavaQuestionService        : Math question was generated: 85+88 Answer: 173
2022-04-05 22:37:44.367  INFO 21137 --- [http-nio-8080-exec-3] p.s.s.service.JavaQuestionService        : List of questions was successfully generated!
2022-04-05 22:37:47.159  INFO 21137 --- [http-nio-8080-exec-4] p.s.s.service.JavaQuestionService        : Generating list of all subjects questions...
2022-04-05 22:37:47.159  INFO 21137 --- [http-nio-8080-exec-4] p.s.s.service.JavaQuestionService        : Generating math question.
2022-04-05 22:37:47.159  INFO 21137 --- [http-nio-8080-exec-4] p.s.s.service.JavaQuestionService        : Math question was generated: 2+46 Answer: 48
2022-04-05 22:37:47.159  INFO 21137 --- [http-nio-8080-exec-4] p.s.s.service.JavaQuestionService        : List of questions was successfully generated!
2022-04-05 22:37:48.844  INFO 21137 --- [http-nio-8080-exec-5] p.s.s.service.JavaQuestionService        : Generating list of all subjects questions...
2022-04-05 22:37:48.844  INFO 21137 --- [http-nio-8080-exec-5] p.s.s.service.JavaQuestionService        : Generating math question.
2022-04-05 22:37:48.844  INFO 21137 --- [http-nio-8080-exec-5] p.s.s.service.JavaQuestionService        : Math question was generated: 73+6 Answer: 79
2022-04-05 22:37:48.844  INFO 21137 --- [http-nio-8080-exec-5] p.s.s.service.JavaQuestionService        : List of questions was successfully generated!
2022-04-05 22:37:50.959  INFO 21137 --- [http-nio-8080-exec-6] p.s.s.service.JavaQuestionService        : Generating list of all subjects questions...
2022-04-05 22:37:50.960  INFO 21137 --- [http-nio-8080-exec-6] p.s.s.service.JavaQuestionService        : Generating random java question...
2022-04-05 22:37:50.960  INFO 21137 --- [http-nio-8080-exec-6] p.s.s.service.JavaQuestionService        : Getting all java questions.
2022-04-05 22:37:50.960  INFO 21137 --- [http-nio-8080-exec-6] p.s.s.service.JavaQuestionService        : Random java question was gotten: What is an encapsulation? Answer: Hiding the implementation
2022-04-05 22:37:50.960  INFO 21137 --- [http-nio-8080-exec-6] p.s.s.service.JavaQuestionService        : List of questions was successfully generated!
2022-04-05 22:37:54.308  INFO 21137 --- [http-nio-8080-exec-7] p.s.s.service.JavaQuestionService        : Generating list of all subjects questions...
2022-04-05 22:37:54.308  INFO 21137 --- [http-nio-8080-exec-7] p.s.s.service.JavaQuestionService        : Generating math question.
2022-04-05 22:37:54.309  INFO 21137 --- [http-nio-8080-exec-7] p.s.s.service.JavaQuestionService        : Math question was generated: 17+22 Answer: 39
2022-04-05 22:37:54.309  INFO 21137 --- [http-nio-8080-exec-7] p.s.s.service.JavaQuestionService        : Generating random java question...
2022-04-05 22:37:54.309  INFO 21137 --- [http-nio-8080-exec-7] p.s.s.service.JavaQuestionService        : Getting all java questions.
2022-04-05 22:37:54.309  INFO 21137 --- [http-nio-8080-exec-7] p.s.s.service.JavaQuestionService        : Random java question was gotten: What is a recurse? Answer: Droch
2022-04-05 22:37:54.309  INFO 21137 --- [http-nio-8080-exec-7] p.s.s.service.JavaQuestionService        : Generating math question.
2022-04-05 22:37:54.309  INFO 21137 --- [http-nio-8080-exec-7] p.s.s.service.JavaQuestionService        : Math question was generated: 68+87 Answer: 155
2022-04-05 22:37:54.309  INFO 21137 --- [http-nio-8080-exec-7] p.s.s.service.JavaQuestionService        : Generating random java question...
2022-04-05 22:37:54.309  INFO 21137 --- [http-nio-8080-exec-7] p.s.s.service.JavaQuestionService        : Getting all java questions.
2022-04-05 22:37:54.309  INFO 21137 --- [http-nio-8080-exec-7] p.s.s.service.JavaQuestionService        : Random java question was gotten: What is  a variable? Answer: Named memory area
2022-04-05 22:37:54.309  INFO 21137 --- [http-nio-8080-exec-7] p.s.s.service.JavaQuestionService        : Generating math question.
2022-04-05 22:37:54.309  INFO 21137 --- [http-nio-8080-exec-7] p.s.s.service.JavaQuestionService        : Math question was generated: 65+13 Answer: 78
2022-04-05 22:37:54.310  INFO 21137 --- [http-nio-8080-exec-7] p.s.s.service.JavaQuestionService        : Generating math question.
2022-04-05 22:37:54.310  INFO 21137 --- [http-nio-8080-exec-7] p.s.s.service.JavaQuestionService        : Math question was generated: 58+21 Answer: 79
2022-04-05 22:37:54.310  INFO 21137 --- [http-nio-8080-exec-7] p.s.s.service.JavaQuestionService        : Generating random java question...
2022-04-05 22:37:54.310  INFO 21137 --- [http-nio-8080-exec-7] p.s.s.service.JavaQuestionService        : Getting all java questions.
2022-04-05 22:37:54.310  INFO 21137 --- [http-nio-8080-exec-7] p.s.s.service.JavaQuestionService        : Random java question was gotten: What is a recurse? Answer: Droch
2022-04-05 22:37:54.310  INFO 21137 --- [http-nio-8080-exec-7] p.s.s.service.JavaQuestionService        : Generating math question.
2022-04-05 22:37:54.310  INFO 21137 --- [http-nio-8080-exec-7] p.s.s.service.JavaQuestionService        : Math question was generated: 89+64 Answer: 153
2022-04-05 22:37:54.310  INFO 21137 --- [http-nio-8080-exec-7] p.s.s.service.JavaQuestionService        : Generating random java question...
2022-04-05 22:37:54.310  INFO 21137 --- [http-nio-8080-exec-7] p.s.s.service.JavaQuestionService        : Getting all java questions.
2022-04-05 22:37:54.310  INFO 21137 --- [http-nio-8080-exec-7] p.s.s.service.JavaQuestionService        : Random java question was gotten: What is a recurse? Answer: Droch
2022-04-05 22:37:54.310  INFO 21137 --- [http-nio-8080-exec-7] p.s.s.service.JavaQuestionService        : Generating math question.
2022-04-05 22:37:54.310  INFO 21137 --- [http-nio-8080-exec-7] p.s.s.service.JavaQuestionService        : Math question was generated: 49+20 Answer: 69
2022-04-05 22:37:54.311  INFO 21137 --- [http-nio-8080-exec-7] p.s.s.service.JavaQuestionService        : Generating random java question...
2022-04-05 22:37:54.311  INFO 21137 --- [http-nio-8080-exec-7] p.s.s.service.JavaQuestionService        : Getting all java questions.
2022-04-05 22:37:54.311  INFO 21137 --- [http-nio-8080-exec-7] p.s.s.service.JavaQuestionService        : Random java question was gotten: What is  a variable? Answer: Named memory area
2022-04-05 22:37:54.311  INFO 21137 --- [http-nio-8080-exec-7] p.s.s.service.JavaQuestionService        : Generating math question.
2022-04-05 22:37:54.311  INFO 21137 --- [http-nio-8080-exec-7] p.s.s.service.JavaQuestionService        : Math question was generated: 31+82 Answer: 113
2022-04-05 22:37:54.311  INFO 21137 --- [http-nio-8080-exec-7] p.s.s.service.JavaQuestionService        : List of questions was successfully generated!
